{"name": "editing profile details", "status": "broken", "statusDetails": {"message": "selenium.common.exceptions.NoSuchWindowException: Message: no such window: target window already closed\nfrom unknown error: web view not found\n  (Session info: chrome=116.0.5845.188)\nStacktrace:\n\tGetHandleVerifier [0x00007FF7F08152A2+57122]\n\t(No symbol) [0x00007FF7F078EA92]\n\t(No symbol) [0x00007FF7F065E3AB]\n\t(No symbol) [0x00007FF7F063E1B9]\n\t(No symbol) [0x00007FF7F06BB417]\n\t(No symbol) [0x00007FF7F06CE24F]\n\t(No symbol) [0x00007FF7F06B6DB3]\n\t(No symbol) [0x00007FF7F068D2B1]\n\t(No symbol) [0x00007FF7F068E494]\n\tGetHandleVerifier [0x00007FF7F0ABEF82+2849794]\n\tGetHandleVerifier [0x00007FF7F0B11D24+3189156]\n\tGetHandleVerifier [0x00007FF7F0B0ACAF+3160367]\n\tGetHandleVerifier [0x00007FF7F08A6D06+653702]\n\t(No symbol) [0x00007FF7F079A208]\n\t(No symbol) [0x00007FF7F07962C4]\n\t(No symbol) [0x00007FF7F07963F6]\n\t(No symbol) [0x00007FF7F07867A3]\n\tBaseThreadInitThunk [0x00007FFEE1EE257D+29]\n\tRtlUserThreadStart [0x00007FFEE252AA68+40]\n\n", "trace": "  File \"C:\\Users\\abzalhussain\\PycharmProjects\\Propflo2\\venv\\Lib\\site-packages\\behave\\runner.py\", line 545, in run_hook\n    self.hooks[name](context, *args)\n  File \"features\\environment.py\", line 74, in after_step\n    allure.attach(context.driver.get_screenshot_as_png()\n                  ^^^^^^^^^^^^^^^^^^^^^^^^^^^^^^^^^^^^^^\n  File \"C:\\Users\\abzalhussain\\AppData\\Local\\Programs\\Python\\Python311\\Lib\\site-packages\\selenium\\webdriver\\remote\\webdriver.py\", line 836, in get_screenshot_as_png\n    return b64decode(self.get_screenshot_as_base64().encode(\"ascii\"))\n                     ^^^^^^^^^^^^^^^^^^^^^^^^^^^^^^^\n  File \"C:\\Users\\abzalhussain\\AppData\\Local\\Programs\\Python\\Python311\\Lib\\site-packages\\selenium\\webdriver\\remote\\webdriver.py\", line 847, in get_screenshot_as_base64\n    return self.execute(Command.SCREENSHOT)[\"value\"]\n           ^^^^^^^^^^^^^^^^^^^^^^^^^^^^^^^^\n  File \"C:\\Users\\abzalhussain\\AppData\\Local\\Programs\\Python\\Python311\\Lib\\site-packages\\selenium\\webdriver\\remote\\webdriver.py\", line 345, in execute\n    self.error_handler.check_response(response)\n  File \"C:\\Users\\abzalhussain\\AppData\\Local\\Programs\\Python\\Python311\\Lib\\site-packages\\selenium\\webdriver\\remote\\errorhandler.py\", line 229, in check_response\n    raise exception_class(message, screen, stacktrace)\n"}, "steps": [{"name": "Given user navigates to the loginpage", "status": "passed", "start": 1695779711828, "stop": 1695779711828}, {"name": "When user enters login details mail as \"manoj.assetmonk@gmail.com\" and the passwordas \"Propflo@1234\"", "status": "passed", "start": 1695779711828, "stop": 1695779711828}, {"name": "And click the loginbutton", "status": "passed", "start": 1695779711828, "stop": 1695779711828}, {"name": "And click on sales and inside that the clicksleads", "status": "passed", "start": 1695779711828, "stop": 1695779711828}, {"name": "And click on one the leadProfile", "status": "passed", "start": 1695779711828, "stop": 1695779711828}, {"name": "And click on profile", "status": "broken", "statusDetails": {"message": "selenium.common.exceptions.NoSuchWindowException: Message: no such window: target window already closed\nfrom unknown error: web view not found\n  (Session info: chrome=116.0.5845.188)\nStacktrace:\n\tGetHandleVerifier [0x00007FF7F08152A2+57122]\n\t(No symbol) [0x00007FF7F078EA92]\n\t(No symbol) [0x00007FF7F065E3AB]\n\t(No symbol) [0x00007FF7F063E1B9]\n\t(No symbol) [0x00007FF7F06BB417]\n\t(No symbol) [0x00007FF7F06CE24F]\n\t(No symbol) [0x00007FF7F06B6DB3]\n\t(No symbol) [0x00007FF7F068D2B1]\n\t(No symbol) [0x00007FF7F068E494]\n\tGetHandleVerifier [0x00007FF7F0ABEF82+2849794]\n\tGetHandleVerifier [0x00007FF7F0B11D24+3189156]\n\tGetHandleVerifier [0x00007FF7F0B0ACAF+3160367]\n\tGetHandleVerifier [0x00007FF7F08A6D06+653702]\n\t(No symbol) [0x00007FF7F079A208]\n\t(No symbol) [0x00007FF7F07962C4]\n\t(No symbol) [0x00007FF7F07963F6]\n\t(No symbol) [0x00007FF7F07867A3]\n\tBaseThreadInitThunk [0x00007FFEE1EE257D+29]\n\tRtlUserThreadStart [0x00007FFEE252AA68+40]\n\n", "trace": "  File \"C:\\Users\\abzalhussain\\PycharmProjects\\Propflo2\\venv\\Lib\\site-packages\\behave\\runner.py\", line 545, in run_hook\n    self.hooks[name](context, *args)\n  File \"features\\environment.py\", line 74, in after_step\n    allure.attach(context.driver.get_screenshot_as_png()\n                  ^^^^^^^^^^^^^^^^^^^^^^^^^^^^^^^^^^^^^^\n  File \"C:\\Users\\abzalhussain\\AppData\\Local\\Programs\\Python\\Python311\\Lib\\site-packages\\selenium\\webdriver\\remote\\webdriver.py\", line 836, in get_screenshot_as_png\n    return b64decode(self.get_screenshot_as_base64().encode(\"ascii\"))\n                     ^^^^^^^^^^^^^^^^^^^^^^^^^^^^^^^\n  File \"C:\\Users\\abzalhussain\\AppData\\Local\\Programs\\Python\\Python311\\Lib\\site-packages\\selenium\\webdriver\\remote\\webdriver.py\", line 847, in get_screenshot_as_base64\n    return self.execute(Command.SCREENSHOT)[\"value\"]\n           ^^^^^^^^^^^^^^^^^^^^^^^^^^^^^^^^\n  File \"C:\\Users\\abzalhussain\\AppData\\Local\\Programs\\Python\\Python311\\Lib\\site-packages\\selenium\\webdriver\\remote\\webdriver.py\", line 345, in execute\n    self.error_handler.check_response(response)\n  File \"C:\\Users\\abzalhussain\\AppData\\Local\\Programs\\Python\\Python311\\Lib\\site-packages\\selenium\\webdriver\\remote\\errorhandler.py\", line 229, in check_response\n    raise exception_class(message, screen, stacktrace)\n"}, "start": 1695779711828, "stop": 1695779711844}, {"name": "And click on edit profile", "status": "skipped", "start": 1695779711844, "stop": 1695779711844}, {"name": "And first fill the basic details part", "status": "skipped", "attachments": [{"name": ".table", "source": "4fc47a2c-5985-4633-9e42-dceda797fc94-attachment.csv", "type": "text/csv"}], "start": 1695779711844, "stop": 1695779711844}, {"name": "And fill contact details part", "status": "skipped", "attachments": [{"name": ".table", "source": "61a9adc8-f0ce-4f5e-8040-bc1e29289e9d-attachment.csv", "type": "text/csv"}], "start": 1695779711844, "stop": 1695779711844}, {"name": "And fill professional details part", "status": "skipped", "attachments": [{"name": ".table", "source": "24d798eb-b3f0-4dee-8481-63f7f2100717-attachment.csv", "type": "text/csv"}], "start": 1695779711844, "stop": 1695779711844}, {"name": "And fill educational details part", "status": "skipped", "attachments": [{"name": ".table", "source": "e79d5431-77d9-415b-b405-7828a3887695-attachment.csv", "type": "text/csv"}], "start": 1695779711844, "stop": 1695779711844}, {"name": "And click on save the -button", "status": "skipped", "start": 1695779711844, "stop": 1695779711844}, {"name": "Then validate wheater the updates are reflected or not", "status": "skipped", "start": 1695779711844, "stop": 1695779711844}], "start": 1695779711820, "stop": 1695779711844, "uuid": "6c9ec06e-8c6e-4a1c-9f23-2807f168daec", "historyId": "0295dacb85a3f56cef28446885209ab7", "fullName": "Adding and edit profile details: editing profile details", "labels": [{"name": "severity", "value": "normal"}, {"name": "tag", "value": "fu"}, {"name": "feature", "value": "Adding and edit profile details"}, {"name": "framework", "value": "behave"}, {"name": "language", "value": "cpython3"}]}