{"name": "creating one rule and  validating rule created or not", "status": "broken", "statusDetails": {"message": "selenium.common.exceptions.NoSuchWindowException: Message: no such window: target window already closed\nfrom unknown error: web view not found\n  (Session info: chrome=116.0.5845.188)\nStacktrace:\n\tGetHandleVerifier [0x00007FF7F08152A2+57122]\n\t(No symbol) [0x00007FF7F078EA92]\n\t(No symbol) [0x00007FF7F065E3AB]\n\t(No symbol) [0x00007FF7F063E1B9]\n\t(No symbol) [0x00007FF7F06BB417]\n\t(No symbol) [0x00007FF7F06CE24F]\n\t(No symbol) [0x00007FF7F06B6DB3]\n\t(No symbol) [0x00007FF7F068D2B1]\n\t(No symbol) [0x00007FF7F068E494]\n\tGetHandleVerifier [0x00007FF7F0ABEF82+2849794]\n\tGetHandleVerifier [0x00007FF7F0B11D24+3189156]\n\tGetHandleVerifier [0x00007FF7F0B0ACAF+3160367]\n\tGetHandleVerifier [0x00007FF7F08A6D06+653702]\n\t(No symbol) [0x00007FF7F079A208]\n\t(No symbol) [0x00007FF7F07962C4]\n\t(No symbol) [0x00007FF7F07963F6]\n\t(No symbol) [0x00007FF7F07867A3]\n\tBaseThreadInitThunk [0x00007FFEE1EE257D+29]\n\tRtlUserThreadStart [0x00007FFEE252AA68+40]\n\n", "trace": "  File \"C:\\Users\\abzalhussain\\PycharmProjects\\Propflo2\\venv\\Lib\\site-packages\\behave\\runner.py\", line 545, in run_hook\n    self.hooks[name](context, *args)\n  File \"features\\environment.py\", line 74, in after_step\n    allure.attach(context.driver.get_screenshot_as_png()\n                  ^^^^^^^^^^^^^^^^^^^^^^^^^^^^^^^^^^^^^^\n  File \"C:\\Users\\abzalhussain\\AppData\\Local\\Programs\\Python\\Python311\\Lib\\site-packages\\selenium\\webdriver\\remote\\webdriver.py\", line 836, in get_screenshot_as_png\n    return b64decode(self.get_screenshot_as_base64().encode(\"ascii\"))\n                     ^^^^^^^^^^^^^^^^^^^^^^^^^^^^^^^\n  File \"C:\\Users\\abzalhussain\\AppData\\Local\\Programs\\Python\\Python311\\Lib\\site-packages\\selenium\\webdriver\\remote\\webdriver.py\", line 847, in get_screenshot_as_base64\n    return self.execute(Command.SCREENSHOT)[\"value\"]\n           ^^^^^^^^^^^^^^^^^^^^^^^^^^^^^^^^\n  File \"C:\\Users\\abzalhussain\\AppData\\Local\\Programs\\Python\\Python311\\Lib\\site-packages\\selenium\\webdriver\\remote\\webdriver.py\", line 345, in execute\n    self.error_handler.check_response(response)\n  File \"C:\\Users\\abzalhussain\\AppData\\Local\\Programs\\Python\\Python311\\Lib\\site-packages\\selenium\\webdriver\\remote\\errorhandler.py\", line 229, in check_response\n    raise exception_class(message, screen, stacktrace)\n"}, "steps": [{"name": "When click on leads under Assignment Rules", "status": "broken", "statusDetails": {"message": "selenium.common.exceptions.NoSuchWindowException: Message: no such window: target window already closed\nfrom unknown error: web view not found\n  (Session info: chrome=116.0.5845.188)\nStacktrace:\n\tGetHandleVerifier [0x00007FF7F08152A2+57122]\n\t(No symbol) [0x00007FF7F078EA92]\n\t(No symbol) [0x00007FF7F065E3AB]\n\t(No symbol) [0x00007FF7F063E1B9]\n\t(No symbol) [0x00007FF7F06BB417]\n\t(No symbol) [0x00007FF7F06CE24F]\n\t(No symbol) [0x00007FF7F06B6DB3]\n\t(No symbol) [0x00007FF7F068D2B1]\n\t(No symbol) [0x00007FF7F068E494]\n\tGetHandleVerifier [0x00007FF7F0ABEF82+2849794]\n\tGetHandleVerifier [0x00007FF7F0B11D24+3189156]\n\tGetHandleVerifier [0x00007FF7F0B0ACAF+3160367]\n\tGetHandleVerifier [0x00007FF7F08A6D06+653702]\n\t(No symbol) [0x00007FF7F079A208]\n\t(No symbol) [0x00007FF7F07962C4]\n\t(No symbol) [0x00007FF7F07963F6]\n\t(No symbol) [0x00007FF7F07867A3]\n\tBaseThreadInitThunk [0x00007FFEE1EE257D+29]\n\tRtlUserThreadStart [0x00007FFEE252AA68+40]\n\n", "trace": "  File \"C:\\Users\\abzalhussain\\PycharmProjects\\Propflo2\\venv\\Lib\\site-packages\\behave\\runner.py\", line 545, in run_hook\n    self.hooks[name](context, *args)\n  File \"features\\environment.py\", line 74, in after_step\n    allure.attach(context.driver.get_screenshot_as_png()\n                  ^^^^^^^^^^^^^^^^^^^^^^^^^^^^^^^^^^^^^^\n  File \"C:\\Users\\abzalhussain\\AppData\\Local\\Programs\\Python\\Python311\\Lib\\site-packages\\selenium\\webdriver\\remote\\webdriver.py\", line 836, in get_screenshot_as_png\n    return b64decode(self.get_screenshot_as_base64().encode(\"ascii\"))\n                     ^^^^^^^^^^^^^^^^^^^^^^^^^^^^^^^\n  File \"C:\\Users\\abzalhussain\\AppData\\Local\\Programs\\Python\\Python311\\Lib\\site-packages\\selenium\\webdriver\\remote\\webdriver.py\", line 847, in get_screenshot_as_base64\n    return self.execute(Command.SCREENSHOT)[\"value\"]\n           ^^^^^^^^^^^^^^^^^^^^^^^^^^^^^^^^\n  File \"C:\\Users\\abzalhussain\\AppData\\Local\\Programs\\Python\\Python311\\Lib\\site-packages\\selenium\\webdriver\\remote\\webdriver.py\", line 345, in execute\n    self.error_handler.check_response(response)\n  File \"C:\\Users\\abzalhussain\\AppData\\Local\\Programs\\Python\\Python311\\Lib\\site-packages\\selenium\\webdriver\\remote\\errorhandler.py\", line 229, in check_response\n    raise exception_class(message, screen, stacktrace)\n"}, "start": 1695779726629, "stop": 1695779726629}, {"name": "When click on Add new _rule", "status": "skipped", "start": 1695779726629, "stop": 1695779726629}, {"name": "And fill details rule_name and integration_type is _source", "status": "skipped", "start": 1695779726629, "stop": 1695779726629}, {"name": "And fill source details and select users and click _save", "status": "skipped", "start": 1695779726629, "stop": 1695779726629}, {"name": "Then validate rule added or _not", "status": "skipped", "start": 1695779726629, "stop": 1695779726629}], "start": 1695779726629, "stop": 1695779726629, "uuid": "4ec0d441-beea-423f-a5ab-0f67884df93d", "historyId": "46f25751548fcb25f10bf4389eaf2b77", "fullName": "creating Assignment rules in Assignment Rules ->Leads: creating one rule and  validating rule created or not", "labels": [{"name": "severity", "value": "normal"}, {"name": "tag", "value": "rule"}, {"name": "tag", "value": "sett"}, {"name": "feature", "value": "creating Assignment rules in Assignment Rules ->Leads"}, {"name": "framework", "value": "behave"}, {"name": "language", "value": "cpython3"}]}