{"name": "converting status from lost to active", "status": "broken", "statusDetails": {"message": "selenium.common.exceptions.NoSuchWindowException: Message: no such window: target window already closed\nfrom unknown error: web view not found\n  (Session info: chrome=116.0.5845.188)\nStacktrace:\n\tGetHandleVerifier [0x00007FF7F08152A2+57122]\n\t(No symbol) [0x00007FF7F078EA92]\n\t(No symbol) [0x00007FF7F065E3AB]\n\t(No symbol) [0x00007FF7F063E1B9]\n\t(No symbol) [0x00007FF7F06BB417]\n\t(No symbol) [0x00007FF7F06CE24F]\n\t(No symbol) [0x00007FF7F06B6DB3]\n\t(No symbol) [0x00007FF7F068D2B1]\n\t(No symbol) [0x00007FF7F068E494]\n\tGetHandleVerifier [0x00007FF7F0ABEF82+2849794]\n\tGetHandleVerifier [0x00007FF7F0B11D24+3189156]\n\tGetHandleVerifier [0x00007FF7F0B0ACAF+3160367]\n\tGetHandleVerifier [0x00007FF7F08A6D06+653702]\n\t(No symbol) [0x00007FF7F079A208]\n\t(No symbol) [0x00007FF7F07962C4]\n\t(No symbol) [0x00007FF7F07963F6]\n\t(No symbol) [0x00007FF7F07867A3]\n\tBaseThreadInitThunk [0x00007FFEE1EE257D+29]\n\tRtlUserThreadStart [0x00007FFEE252AA68+40]\n\n", "trace": "  File \"C:\\Users\\abzalhussain\\PycharmProjects\\Propflo2\\venv\\Lib\\site-packages\\behave\\runner.py\", line 545, in run_hook\n    self.hooks[name](context, *args)\n  File \"features\\environment.py\", line 74, in after_step\n    allure.attach(context.driver.get_screenshot_as_png()\n                  ^^^^^^^^^^^^^^^^^^^^^^^^^^^^^^^^^^^^^^\n  File \"C:\\Users\\abzalhussain\\AppData\\Local\\Programs\\Python\\Python311\\Lib\\site-packages\\selenium\\webdriver\\remote\\webdriver.py\", line 836, in get_screenshot_as_png\n    return b64decode(self.get_screenshot_as_base64().encode(\"ascii\"))\n                     ^^^^^^^^^^^^^^^^^^^^^^^^^^^^^^^\n  File \"C:\\Users\\abzalhussain\\AppData\\Local\\Programs\\Python\\Python311\\Lib\\site-packages\\selenium\\webdriver\\remote\\webdriver.py\", line 847, in get_screenshot_as_base64\n    return self.execute(Command.SCREENSHOT)[\"value\"]\n           ^^^^^^^^^^^^^^^^^^^^^^^^^^^^^^^^\n  File \"C:\\Users\\abzalhussain\\AppData\\Local\\Programs\\Python\\Python311\\Lib\\site-packages\\selenium\\webdriver\\remote\\webdriver.py\", line 345, in execute\n    self.error_handler.check_response(response)\n  File \"C:\\Users\\abzalhussain\\AppData\\Local\\Programs\\Python\\Python311\\Lib\\site-packages\\selenium\\webdriver\\remote\\errorhandler.py\", line 229, in check_response\n    raise exception_class(message, screen, stacktrace)\n"}, "steps": [{"name": "When change assigne", "status": "broken", "statusDetails": {"message": "selenium.common.exceptions.NoSuchWindowException: Message: no such window: target window already closed\nfrom unknown error: web view not found\n  (Session info: chrome=116.0.5845.188)\nStacktrace:\n\tGetHandleVerifier [0x00007FF7F08152A2+57122]\n\t(No symbol) [0x00007FF7F078EA92]\n\t(No symbol) [0x00007FF7F065E3AB]\n\t(No symbol) [0x00007FF7F063E1B9]\n\t(No symbol) [0x00007FF7F06BB417]\n\t(No symbol) [0x00007FF7F06CE24F]\n\t(No symbol) [0x00007FF7F06B6DB3]\n\t(No symbol) [0x00007FF7F068D2B1]\n\t(No symbol) [0x00007FF7F068E494]\n\tGetHandleVerifier [0x00007FF7F0ABEF82+2849794]\n\tGetHandleVerifier [0x00007FF7F0B11D24+3189156]\n\tGetHandleVerifier [0x00007FF7F0B0ACAF+3160367]\n\tGetHandleVerifier [0x00007FF7F08A6D06+653702]\n\t(No symbol) [0x00007FF7F079A208]\n\t(No symbol) [0x00007FF7F07962C4]\n\t(No symbol) [0x00007FF7F07963F6]\n\t(No symbol) [0x00007FF7F07867A3]\n\tBaseThreadInitThunk [0x00007FFEE1EE257D+29]\n\tRtlUserThreadStart [0x00007FFEE252AA68+40]\n\n", "trace": "  File \"C:\\Users\\abzalhussain\\PycharmProjects\\Propflo2\\venv\\Lib\\site-packages\\behave\\runner.py\", line 545, in run_hook\n    self.hooks[name](context, *args)\n  File \"features\\environment.py\", line 74, in after_step\n    allure.attach(context.driver.get_screenshot_as_png()\n                  ^^^^^^^^^^^^^^^^^^^^^^^^^^^^^^^^^^^^^^\n  File \"C:\\Users\\abzalhussain\\AppData\\Local\\Programs\\Python\\Python311\\Lib\\site-packages\\selenium\\webdriver\\remote\\webdriver.py\", line 836, in get_screenshot_as_png\n    return b64decode(self.get_screenshot_as_base64().encode(\"ascii\"))\n                     ^^^^^^^^^^^^^^^^^^^^^^^^^^^^^^^\n  File \"C:\\Users\\abzalhussain\\AppData\\Local\\Programs\\Python\\Python311\\Lib\\site-packages\\selenium\\webdriver\\remote\\webdriver.py\", line 847, in get_screenshot_as_base64\n    return self.execute(Command.SCREENSHOT)[\"value\"]\n           ^^^^^^^^^^^^^^^^^^^^^^^^^^^^^^^^\n  File \"C:\\Users\\abzalhussain\\AppData\\Local\\Programs\\Python\\Python311\\Lib\\site-packages\\selenium\\webdriver\\remote\\webdriver.py\", line 345, in execute\n    self.error_handler.check_response(response)\n  File \"C:\\Users\\abzalhussain\\AppData\\Local\\Programs\\Python\\Python311\\Lib\\site-packages\\selenium\\webdriver\\remote\\errorhandler.py\", line 229, in check_response\n    raise exception_class(message, screen, stacktrace)\n"}, "start": 1695779713899, "stop": 1695779716909}, {"name": "And changes to active validate at same page", "status": "skipped", "start": 1695779716909, "stop": 1695779716909}, {"name": "Then validate in open leads page", "status": "skipped", "start": 1695779716909, "stop": 1695779716909}], "start": 1695779713899, "stop": 1695779716909, "uuid": "e8dbb35b-7d14-46e9-b642-47c8701494db", "historyId": "8c877e0ee285b0ea30e5843279e994cf", "fullName": "converting status: converting status from lost to active", "labels": [{"name": "severity", "value": "normal"}, {"name": "tag", "value": "fu"}, {"name": "feature", "value": "converting status"}, {"name": "framework", "value": "behave"}, {"name": "language", "value": "cpython3"}]}