{"name": "In kanban view click on dropdown of opportunity and checking that It is showing details", "status": "broken", "statusDetails": {"message": "selenium.common.exceptions.ElementClickInterceptedException: Message: element click intercepted: Element <a _ngcontent-nbl-c103=\"\" id=\"notes\" class=\"relative cursor-pointer hover:text-gray-700 hover:border-gray-300 whitespace-nowrap py-4 pl-2 font-medium text-sm text-gray-600 border-none\">...</a> is not clickable at point (1139, 82). Other element would receive the click: <div _ngcontent-nbl-c173=\"\" class=\"bg-gray-500 bg-opacity-75 transition-opacity fixed z-50 w-full h-full ng-star-inserted\">...</div>\n  (Session info: chrome=116.0.5845.188)\nStacktrace:\n\tGetHandleVerifier [0x00007FF7F08152A2+57122]\n\t(No symbol) [0x00007FF7F078EA92]\n\t(No symbol) [0x00007FF7F065E3AB]\n\t(No symbol) [0x00007FF7F069D783]\n\t(No symbol) [0x00007FF7F069BD5F]\n\t(No symbol) [0x00007FF7F0699DC8]\n\t(No symbol) [0x00007FF7F0698FD5]\n\t(No symbol) [0x00007FF7F068F25F]\n\t(No symbol) [0x00007FF7F06B6FDA]\n\t(No symbol) [0x00007FF7F068EB76]\n\t(No symbol) [0x00007FF7F06B71F0]\n\t(No symbol) [0x00007FF7F06CEB82]\n\t(No symbol) [0x00007FF7F06B6DB3]\n\t(No symbol) [0x00007FF7F068D2B1]\n\t(No symbol) [0x00007FF7F068E494]\n\tGetHandleVerifier [0x00007FF7F0ABEF82+2849794]\n\tGetHandleVerifier [0x00007FF7F0B11D24+3189156]\n\tGetHandleVerifier [0x00007FF7F0B0ACAF+3160367]\n\tGetHandleVerifier [0x00007FF7F08A6D06+653702]\n\t(No symbol) [0x00007FF7F079A208]\n\t(No symbol) [0x00007FF7F07962C4]\n\t(No symbol) [0x00007FF7F07963F6]\n\t(No symbol) [0x00007FF7F07867A3]\n\tBaseThreadInitThunk [0x00007FFEE1EE257D+29]\n\tRtlUserThreadStart [0x00007FFEE252AA68+40]\n\n", "trace": "  File \"C:\\Users\\abzalhussain\\PycharmProjects\\Propflo2\\venv\\Lib\\site-packages\\behave\\model.py\", line 1329, in run\n    match.run(runner.context)\n  File \"C:\\Users\\abzalhussain\\PycharmProjects\\Propflo2\\venv\\Lib\\site-packages\\behave\\matchers.py\", line 98, in run\n    self.func(context, *args, **kwargs)\n  File \"features\\steps\\Task_Notes_InKanbanView.py\", line 58, in step_impl\n    context.NP.enter_note_in_box(\"notesDescription in notes box\")\n  File \"C:\\Users\\abzalhussain\\PycharmProjects\\Propflo2\\pages\\NotesPage.py\", line 49, in enter_note_in_box\n    self.click_onNotes()\n  File \"C:\\Users\\abzalhussain\\PycharmProjects\\Propflo2\\pages\\NotesPage.py\", line 21, in click_onNotes\n    self.driver.find_element(By.XPATH,self.NotesTaskBar_XPATH).click()\n  File \"C:\\Users\\abzalhussain\\AppData\\Local\\Programs\\Python\\Python311\\Lib\\site-packages\\selenium\\webdriver\\remote\\webelement.py\", line 94, in click\n    self._execute(Command.CLICK_ELEMENT)\n  File \"C:\\Users\\abzalhussain\\AppData\\Local\\Programs\\Python\\Python311\\Lib\\site-packages\\selenium\\webdriver\\remote\\webelement.py\", line 395, in _execute\n    return self._parent.execute(command, params)\n           ^^^^^^^^^^^^^^^^^^^^^^^^^^^^^^^^^^^^^\n  File \"C:\\Users\\abzalhussain\\AppData\\Local\\Programs\\Python\\Python311\\Lib\\site-packages\\selenium\\webdriver\\remote\\webdriver.py\", line 345, in execute\n    self.error_handler.check_response(response)\n  File \"C:\\Users\\abzalhussain\\AppData\\Local\\Programs\\Python\\Python311\\Lib\\site-packages\\selenium\\webdriver\\remote\\errorhandler.py\", line 229, in check_response\n    raise exception_class(message, screen, stacktrace)\n"}, "steps": [{"name": "When click on kanban view button", "status": "passed", "start": 1695780843753, "stop": 1695780848856}, {"name": "And click on dropdown of one opportunity and check it is showing details or not", "status": "passed", "start": 1695780848856, "stop": 1695780848992}, {"name": "And get text of how many tasks and notes count", "status": "passed", "start": 1695780848997, "stop": 1695780849020}, {"name": "And click on that oppportunity", "status": "passed", "start": 1695780849020, "stop": 1695780852124}, {"name": "And create task and validate in activity area", "status": "passed", "start": 1695780852124, "stop": 1695780871228}, {"name": "And create note and validate in activity area", "status": "broken", "statusDetails": {"message": "selenium.common.exceptions.ElementClickInterceptedException: Message: element click intercepted: Element <a _ngcontent-nbl-c103=\"\" id=\"notes\" class=\"relative cursor-pointer hover:text-gray-700 hover:border-gray-300 whitespace-nowrap py-4 pl-2 font-medium text-sm text-gray-600 border-none\">...</a> is not clickable at point (1139, 82). Other element would receive the click: <div _ngcontent-nbl-c173=\"\" class=\"bg-gray-500 bg-opacity-75 transition-opacity fixed z-50 w-full h-full ng-star-inserted\">...</div>\n  (Session info: chrome=116.0.5845.188)\nStacktrace:\n\tGetHandleVerifier [0x00007FF7F08152A2+57122]\n\t(No symbol) [0x00007FF7F078EA92]\n\t(No symbol) [0x00007FF7F065E3AB]\n\t(No symbol) [0x00007FF7F069D783]\n\t(No symbol) [0x00007FF7F069BD5F]\n\t(No symbol) [0x00007FF7F0699DC8]\n\t(No symbol) [0x00007FF7F0698FD5]\n\t(No symbol) [0x00007FF7F068F25F]\n\t(No symbol) [0x00007FF7F06B6FDA]\n\t(No symbol) [0x00007FF7F068EB76]\n\t(No symbol) [0x00007FF7F06B71F0]\n\t(No symbol) [0x00007FF7F06CEB82]\n\t(No symbol) [0x00007FF7F06B6DB3]\n\t(No symbol) [0x00007FF7F068D2B1]\n\t(No symbol) [0x00007FF7F068E494]\n\tGetHandleVerifier [0x00007FF7F0ABEF82+2849794]\n\tGetHandleVerifier [0x00007FF7F0B11D24+3189156]\n\tGetHandleVerifier [0x00007FF7F0B0ACAF+3160367]\n\tGetHandleVerifier [0x00007FF7F08A6D06+653702]\n\t(No symbol) [0x00007FF7F079A208]\n\t(No symbol) [0x00007FF7F07962C4]\n\t(No symbol) [0x00007FF7F07963F6]\n\t(No symbol) [0x00007FF7F07867A3]\n\tBaseThreadInitThunk [0x00007FFEE1EE257D+29]\n\tRtlUserThreadStart [0x00007FFEE252AA68+40]\n\n", "trace": "  File \"C:\\Users\\abzalhussain\\PycharmProjects\\Propflo2\\venv\\Lib\\site-packages\\behave\\model.py\", line 1329, in run\n    match.run(runner.context)\n  File \"C:\\Users\\abzalhussain\\PycharmProjects\\Propflo2\\venv\\Lib\\site-packages\\behave\\matchers.py\", line 98, in run\n    self.func(context, *args, **kwargs)\n  File \"features\\steps\\Task_Notes_InKanbanView.py\", line 58, in step_impl\n    context.NP.enter_note_in_box(\"notesDescription in notes box\")\n  File \"C:\\Users\\abzalhussain\\PycharmProjects\\Propflo2\\pages\\NotesPage.py\", line 49, in enter_note_in_box\n    self.click_onNotes()\n  File \"C:\\Users\\abzalhussain\\PycharmProjects\\Propflo2\\pages\\NotesPage.py\", line 21, in click_onNotes\n    self.driver.find_element(By.XPATH,self.NotesTaskBar_XPATH).click()\n  File \"C:\\Users\\abzalhussain\\AppData\\Local\\Programs\\Python\\Python311\\Lib\\site-packages\\selenium\\webdriver\\remote\\webelement.py\", line 94, in click\n    self._execute(Command.CLICK_ELEMENT)\n  File \"C:\\Users\\abzalhussain\\AppData\\Local\\Programs\\Python\\Python311\\Lib\\site-packages\\selenium\\webdriver\\remote\\webelement.py\", line 395, in _execute\n    return self._parent.execute(command, params)\n           ^^^^^^^^^^^^^^^^^^^^^^^^^^^^^^^^^^^^^\n  File \"C:\\Users\\abzalhussain\\AppData\\Local\\Programs\\Python\\Python311\\Lib\\site-packages\\selenium\\webdriver\\remote\\webdriver.py\", line 345, in execute\n    self.error_handler.check_response(response)\n  File \"C:\\Users\\abzalhussain\\AppData\\Local\\Programs\\Python\\Python311\\Lib\\site-packages\\selenium\\webdriver\\remote\\errorhandler.py\", line 229, in check_response\n    raise exception_class(message, screen, stacktrace)\n"}, "attachments": [{"name": "failed_screenshot", "source": "d3852eec-d043-465d-8e31-559f25820d47-attachment.png", "type": "image/png"}], "start": 1695780871228, "stop": 1695780889506}, {"name": "Then validate the task and note count is reflected or not in kanban view dropdown", "status": "skipped", "start": 1695780889506, "stop": 1695780889506}], "start": 1695780843752, "stop": 1695780889506, "uuid": "9a127365-1507-4096-a7dd-4729b49403a3", "historyId": "acb48ab7a844b7b3b27bb38305ce1349", "fullName": "checking in kanban view the count of tasks and notes showing correct: In kanban view click on dropdown of opportunity and checking that It is showing details", "labels": [{"name": "severity", "value": "normal"}, {"name": "tag", "value": "coll"}, {"name": "feature", "value": "checking in kanban view the count of tasks and notes showing correct"}, {"name": "framework", "value": "behave"}, {"name": "language", "value": "cpython3"}]}