{"name": "changing labels in bulk action in kanban view", "status": "broken", "statusDetails": {"message": "selenium.common.exceptions.NoSuchElementException: Message: no such element: Unable to locate element: {\"method\":\"xpath\",\"selector\":\"(//input[@id='selectedKanbanOpportunity'])[1]\"}\n  (Session info: chrome=116.0.5845.188); For documentation on this error, please visit: https://www.selenium.dev/documentation/webdriver/troubleshooting/errors#no-such-element-exception\nStacktrace:\n\tGetHandleVerifier [0x00007FF7F08152A2+57122]\n\t(No symbol) [0x00007FF7F078EA92]\n\t(No symbol) [0x00007FF7F065E3AB]\n\t(No symbol) [0x00007FF7F0697D3E]\n\t(No symbol) [0x00007FF7F0697E2C]\n\t(No symbol) [0x00007FF7F06D0B67]\n\t(No symbol) [0x00007FF7F06B701F]\n\t(No symbol) [0x00007FF7F06CEB82]\n\t(No symbol) [0x00007FF7F06B6DB3]\n\t(No symbol) [0x00007FF7F068D2B1]\n\t(No symbol) [0x00007FF7F068E494]\n\tGetHandleVerifier [0x00007FF7F0ABEF82+2849794]\n\tGetHandleVerifier [0x00007FF7F0B11D24+3189156]\n\tGetHandleVerifier [0x00007FF7F0B0ACAF+3160367]\n\tGetHandleVerifier [0x00007FF7F08A6D06+653702]\n\t(No symbol) [0x00007FF7F079A208]\n\t(No symbol) [0x00007FF7F07962C4]\n\t(No symbol) [0x00007FF7F07963F6]\n\t(No symbol) [0x00007FF7F07867A3]\n\tBaseThreadInitThunk [0x00007FFEE1EE257D+29]\n\tRtlUserThreadStart [0x00007FFEE252AA68+40]\n\n", "trace": "  File \"C:\\Users\\abzalhussain\\PycharmProjects\\Propflo2\\venv\\Lib\\site-packages\\behave\\model.py\", line 1329, in run\n    match.run(runner.context)\n  File \"C:\\Users\\abzalhussain\\PycharmProjects\\Propflo2\\venv\\Lib\\site-packages\\behave\\matchers.py\", line 98, in run\n    self.func(context, *args, **kwargs)\n  File \"features\\steps\\Bulk_Actions_InKanbanView.py\", line 17, in step_impl\n    context.KVP.select_multiple_opp()\n  File \"C:\\Users\\abzalhussain\\PycharmProjects\\Propflo2\\pages\\kanbanViewPage.py\", line 84, in select_multiple_opp\n    self.driver.find_element(By.XPATH, z).click()\n    ^^^^^^^^^^^^^^^^^^^^^^^^^^^^^^^^^^^^^\n  File \"C:\\Users\\abzalhussain\\AppData\\Local\\Programs\\Python\\Python311\\Lib\\site-packages\\selenium\\webdriver\\remote\\webdriver.py\", line 739, in find_element\n    return self.execute(Command.FIND_ELEMENT, {\"using\": by, \"value\": value})[\"value\"]\n           ^^^^^^^^^^^^^^^^^^^^^^^^^^^^^^^^^^^^^^^^^^^^^^^^^^^^^^^^^^^^^^^^^\n  File \"C:\\Users\\abzalhussain\\AppData\\Local\\Programs\\Python\\Python311\\Lib\\site-packages\\selenium\\webdriver\\remote\\webdriver.py\", line 345, in execute\n    self.error_handler.check_response(response)\n  File \"C:\\Users\\abzalhussain\\AppData\\Local\\Programs\\Python\\Python311\\Lib\\site-packages\\selenium\\webdriver\\remote\\errorhandler.py\", line 229, in check_response\n    raise exception_class(message, screen, stacktrace)\n"}, "steps": [{"name": "When select four opportunities in kanban view", "status": "broken", "statusDetails": {"message": "selenium.common.exceptions.NoSuchElementException: Message: no such element: Unable to locate element: {\"method\":\"xpath\",\"selector\":\"(//input[@id='selectedKanbanOpportunity'])[1]\"}\n  (Session info: chrome=116.0.5845.188); For documentation on this error, please visit: https://www.selenium.dev/documentation/webdriver/troubleshooting/errors#no-such-element-exception\nStacktrace:\n\tGetHandleVerifier [0x00007FF7F08152A2+57122]\n\t(No symbol) [0x00007FF7F078EA92]\n\t(No symbol) [0x00007FF7F065E3AB]\n\t(No symbol) [0x00007FF7F0697D3E]\n\t(No symbol) [0x00007FF7F0697E2C]\n\t(No symbol) [0x00007FF7F06D0B67]\n\t(No symbol) [0x00007FF7F06B701F]\n\t(No symbol) [0x00007FF7F06CEB82]\n\t(No symbol) [0x00007FF7F06B6DB3]\n\t(No symbol) [0x00007FF7F068D2B1]\n\t(No symbol) [0x00007FF7F068E494]\n\tGetHandleVerifier [0x00007FF7F0ABEF82+2849794]\n\tGetHandleVerifier [0x00007FF7F0B11D24+3189156]\n\tGetHandleVerifier [0x00007FF7F0B0ACAF+3160367]\n\tGetHandleVerifier [0x00007FF7F08A6D06+653702]\n\t(No symbol) [0x00007FF7F079A208]\n\t(No symbol) [0x00007FF7F07962C4]\n\t(No symbol) [0x00007FF7F07963F6]\n\t(No symbol) [0x00007FF7F07867A3]\n\tBaseThreadInitThunk [0x00007FFEE1EE257D+29]\n\tRtlUserThreadStart [0x00007FFEE252AA68+40]\n\n", "trace": "  File \"C:\\Users\\abzalhussain\\PycharmProjects\\Propflo2\\venv\\Lib\\site-packages\\behave\\model.py\", line 1329, in run\n    match.run(runner.context)\n  File \"C:\\Users\\abzalhussain\\PycharmProjects\\Propflo2\\venv\\Lib\\site-packages\\behave\\matchers.py\", line 98, in run\n    self.func(context, *args, **kwargs)\n  File \"features\\steps\\Bulk_Actions_InKanbanView.py\", line 17, in step_impl\n    context.KVP.select_multiple_opp()\n  File \"C:\\Users\\abzalhussain\\PycharmProjects\\Propflo2\\pages\\kanbanViewPage.py\", line 84, in select_multiple_opp\n    self.driver.find_element(By.XPATH, z).click()\n    ^^^^^^^^^^^^^^^^^^^^^^^^^^^^^^^^^^^^^\n  File \"C:\\Users\\abzalhussain\\AppData\\Local\\Programs\\Python\\Python311\\Lib\\site-packages\\selenium\\webdriver\\remote\\webdriver.py\", line 739, in find_element\n    return self.execute(Command.FIND_ELEMENT, {\"using\": by, \"value\": value})[\"value\"]\n           ^^^^^^^^^^^^^^^^^^^^^^^^^^^^^^^^^^^^^^^^^^^^^^^^^^^^^^^^^^^^^^^^^\n  File \"C:\\Users\\abzalhussain\\AppData\\Local\\Programs\\Python\\Python311\\Lib\\site-packages\\selenium\\webdriver\\remote\\webdriver.py\", line 345, in execute\n    self.error_handler.check_response(response)\n  File \"C:\\Users\\abzalhussain\\AppData\\Local\\Programs\\Python\\Python311\\Lib\\site-packages\\selenium\\webdriver\\remote\\errorhandler.py\", line 229, in check_response\n    raise exception_class(message, screen, stacktrace)\n"}, "attachments": [{"name": "failed_screenshot", "source": "65d0d8b0-1cee-4309-8e79-7462d8bf7ed3-attachment.png", "type": "image/png"}], "start": 1695780889521, "stop": 1695780902648}, {"name": "And click on add label for bulk", "status": "skipped", "start": 1695780902650, "stop": 1695780902650}, {"name": "And select label from dropdown and save it", "status": "skipped", "start": 1695780902650, "stop": 1695780902650}, {"name": "Then valiadte that labels added by count and by checking in dropdown that all labels are showing", "status": "skipped", "start": 1695780902650, "stop": 1695780902650}], "start": 1695780889521, "stop": 1695780902650, "uuid": "9b52b7a2-7612-4480-94f6-15e08ff69660", "historyId": "5938c28095531f35f66ffbe6209cb9ba", "fullName": "performing bulk actions in kanban view: changing labels in bulk action in kanban view", "labels": [{"name": "severity", "value": "normal"}, {"name": "tag", "value": "coll"}, {"name": "feature", "value": "performing bulk actions in kanban view"}, {"name": "framework", "value": "behave"}, {"name": "language", "value": "cpython3"}]}