{"name": "In kanban view click on dropdown of opportunity and checking that It is showing details", "status": "broken", "statusDetails": {"message": "selenium.common.exceptions.ElementClickInterceptedException: Message: element click intercepted: Element <a _ngcontent-kny-c103=\"\" id=\"notes\" class=\"relative cursor-pointer hover:text-gray-700 hover:border-gray-300 whitespace-nowrap py-4 pl-2 font-medium text-sm text-gray-600 border-none\">...</a> is not clickable at point (1085, 82). Other element would receive the click: <div _ngcontent-kny-c171=\"\" class=\"bg-gray-500 bg-opacity-75 transition-opacity fixed z-50 w-full h-full ng-star-inserted\">...</div>\n  (Session info: MicrosoftEdge=116.0.1938.81)\nStacktrace:\n\tGetHandleVerifier [0x00007FF7AEDE3D92+61490]\n\tMicrosoft::Applications::Events::EventProperty::~EventProperty [0x00007FF7AED75FE2+740626]\n\t(No symbol) [0x00007FF7AEB4B8AE]\n\t(No symbol) [0x00007FF7AEB9A9AA]\n\t(No symbol) [0x00007FF7AEB985DF]\n\t(No symbol) [0x00007FF7AEB95D8B]\n\t(No symbol) [0x00007FF7AEB94A22]\n\t(No symbol) [0x00007FF7AEB875AC]\n\t(No symbol) [0x00007FF7AEBB390A]\n\t(No symbol) [0x00007FF7AEB87021]\n\t(No symbol) [0x00007FF7AEB86ECD]\n\t(No symbol) [0x00007FF7AEBB3C40]\n\t(No symbol) [0x00007FF7AEB87021]\n\t(No symbol) [0x00007FF7AEBCCE21]\n\t(No symbol) [0x00007FF7AEBB36E3]\n\t(No symbol) [0x00007FF7AEB85EAA]\n\t(No symbol) [0x00007FF7AEB8518B]\n\t(No symbol) [0x00007FF7AEB86634]\n\tMicrosoft::Applications::Events::ILogManager::DispatchEventBroadcast [0x00007FF7AEFA8D49+1207369]\n\t(No symbol) [0x00007FF7AEC05304]\n\tMicrosoft::Applications::Events::EventProperty::~EventProperty [0x00007FF7AECC90E1+32273]\n\tMicrosoft::Applications::Events::EventProperty::~EventProperty [0x00007FF7AECC19D9+1801]\n\tMicrosoft::Applications::Events::ILogManager::DispatchEventBroadcast [0x00007FF7AEFA7924+1202212]\n\tMicrosoft::Applications::Events::ILogConfiguration::operator* [0x00007FF7AED7E978+19784]\n\tMicrosoft::Applications::Events::ILogConfiguration::operator* [0x00007FF7AED7AE34+4612]\n\tMicrosoft::Applications::Events::ILogConfiguration::operator* [0x00007FF7AED7AF66+4918]\n\tMicrosoft::Applications::Events::EventProperty::~EventProperty [0x00007FF7AED6F431+713057]\n\tBaseThreadInitThunk [0x00007FFB8F9B257D+29]\n\tRtlUserThreadStart [0x00007FFB9148AA68+40]\n\n", "trace": "  File \"C:\\Users\\abzalhussain\\PycharmProjects\\Propflo2\\venv\\Lib\\site-packages\\behave\\model.py\", line 1329, in run\n    match.run(runner.context)\n  File \"C:\\Users\\abzalhussain\\PycharmProjects\\Propflo2\\venv\\Lib\\site-packages\\behave\\matchers.py\", line 98, in run\n    self.func(context, *args, **kwargs)\n  File \"features\\steps\\Task_Notes_InKanbanView.py\", line 55, in step_impl\n    context.NP.enter_note_in_box(\"notesDescription in notes box\")\n  File \"C:\\Users\\abzalhussain\\PycharmProjects\\Propflo2\\pages\\NotesPage.py\", line 49, in enter_note_in_box\n    self.click_onNotes()\n  File \"C:\\Users\\abzalhussain\\PycharmProjects\\Propflo2\\pages\\NotesPage.py\", line 21, in click_onNotes\n    self.driver.find_element(By.XPATH,self.NotesTaskBar_XPATH).click()\n  File \"C:\\Users\\abzalhussain\\AppData\\Local\\Programs\\Python\\Python311\\Lib\\site-packages\\selenium\\webdriver\\remote\\webelement.py\", line 94, in click\n    self._execute(Command.CLICK_ELEMENT)\n  File \"C:\\Users\\abzalhussain\\AppData\\Local\\Programs\\Python\\Python311\\Lib\\site-packages\\selenium\\webdriver\\remote\\webelement.py\", line 395, in _execute\n    return self._parent.execute(command, params)\n           ^^^^^^^^^^^^^^^^^^^^^^^^^^^^^^^^^^^^^\n  File \"C:\\Users\\abzalhussain\\AppData\\Local\\Programs\\Python\\Python311\\Lib\\site-packages\\selenium\\webdriver\\remote\\webdriver.py\", line 345, in execute\n    self.error_handler.check_response(response)\n  File \"C:\\Users\\abzalhussain\\AppData\\Local\\Programs\\Python\\Python311\\Lib\\site-packages\\selenium\\webdriver\\remote\\errorhandler.py\", line 229, in check_response\n    raise exception_class(message, screen, stacktrace)\n"}, "steps": [{"name": "When click on kanban view button", "status": "passed", "start": 1695029144749, "stop": 1695029149829}, {"name": "And click on dropdown of one opportunity and check it is showing details or not", "status": "passed", "start": 1695029149830, "stop": 1695029149964}, {"name": "And get text of how many tasks and notes count", "status": "passed", "start": 1695029149964, "stop": 1695029149985}, {"name": "And click on that oppportunity", "status": "passed", "start": 1695029149985, "stop": 1695029153087}, {"name": "And create task and validate in activity area", "status": "passed", "start": 1695029153088, "stop": 1695029172182}, {"name": "And create note and validate in activity area", "status": "broken", "statusDetails": {"message": "selenium.common.exceptions.ElementClickInterceptedException: Message: element click intercepted: Element <a _ngcontent-kny-c103=\"\" id=\"notes\" class=\"relative cursor-pointer hover:text-gray-700 hover:border-gray-300 whitespace-nowrap py-4 pl-2 font-medium text-sm text-gray-600 border-none\">...</a> is not clickable at point (1085, 82). Other element would receive the click: <div _ngcontent-kny-c171=\"\" class=\"bg-gray-500 bg-opacity-75 transition-opacity fixed z-50 w-full h-full ng-star-inserted\">...</div>\n  (Session info: MicrosoftEdge=116.0.1938.81)\nStacktrace:\n\tGetHandleVerifier [0x00007FF7AEDE3D92+61490]\n\tMicrosoft::Applications::Events::EventProperty::~EventProperty [0x00007FF7AED75FE2+740626]\n\t(No symbol) [0x00007FF7AEB4B8AE]\n\t(No symbol) [0x00007FF7AEB9A9AA]\n\t(No symbol) [0x00007FF7AEB985DF]\n\t(No symbol) [0x00007FF7AEB95D8B]\n\t(No symbol) [0x00007FF7AEB94A22]\n\t(No symbol) [0x00007FF7AEB875AC]\n\t(No symbol) [0x00007FF7AEBB390A]\n\t(No symbol) [0x00007FF7AEB87021]\n\t(No symbol) [0x00007FF7AEB86ECD]\n\t(No symbol) [0x00007FF7AEBB3C40]\n\t(No symbol) [0x00007FF7AEB87021]\n\t(No symbol) [0x00007FF7AEBCCE21]\n\t(No symbol) [0x00007FF7AEBB36E3]\n\t(No symbol) [0x00007FF7AEB85EAA]\n\t(No symbol) [0x00007FF7AEB8518B]\n\t(No symbol) [0x00007FF7AEB86634]\n\tMicrosoft::Applications::Events::ILogManager::DispatchEventBroadcast [0x00007FF7AEFA8D49+1207369]\n\t(No symbol) [0x00007FF7AEC05304]\n\tMicrosoft::Applications::Events::EventProperty::~EventProperty [0x00007FF7AECC90E1+32273]\n\tMicrosoft::Applications::Events::EventProperty::~EventProperty [0x00007FF7AECC19D9+1801]\n\tMicrosoft::Applications::Events::ILogManager::DispatchEventBroadcast [0x00007FF7AEFA7924+1202212]\n\tMicrosoft::Applications::Events::ILogConfiguration::operator* [0x00007FF7AED7E978+19784]\n\tMicrosoft::Applications::Events::ILogConfiguration::operator* [0x00007FF7AED7AE34+4612]\n\tMicrosoft::Applications::Events::ILogConfiguration::operator* [0x00007FF7AED7AF66+4918]\n\tMicrosoft::Applications::Events::EventProperty::~EventProperty [0x00007FF7AED6F431+713057]\n\tBaseThreadInitThunk [0x00007FFB8F9B257D+29]\n\tRtlUserThreadStart [0x00007FFB9148AA68+40]\n\n", "trace": "  File \"C:\\Users\\abzalhussain\\PycharmProjects\\Propflo2\\venv\\Lib\\site-packages\\behave\\model.py\", line 1329, in run\n    match.run(runner.context)\n  File \"C:\\Users\\abzalhussain\\PycharmProjects\\Propflo2\\venv\\Lib\\site-packages\\behave\\matchers.py\", line 98, in run\n    self.func(context, *args, **kwargs)\n  File \"features\\steps\\Task_Notes_InKanbanView.py\", line 55, in step_impl\n    context.NP.enter_note_in_box(\"notesDescription in notes box\")\n  File \"C:\\Users\\abzalhussain\\PycharmProjects\\Propflo2\\pages\\NotesPage.py\", line 49, in enter_note_in_box\n    self.click_onNotes()\n  File \"C:\\Users\\abzalhussain\\PycharmProjects\\Propflo2\\pages\\NotesPage.py\", line 21, in click_onNotes\n    self.driver.find_element(By.XPATH,self.NotesTaskBar_XPATH).click()\n  File \"C:\\Users\\abzalhussain\\AppData\\Local\\Programs\\Python\\Python311\\Lib\\site-packages\\selenium\\webdriver\\remote\\webelement.py\", line 94, in click\n    self._execute(Command.CLICK_ELEMENT)\n  File \"C:\\Users\\abzalhussain\\AppData\\Local\\Programs\\Python\\Python311\\Lib\\site-packages\\selenium\\webdriver\\remote\\webelement.py\", line 395, in _execute\n    return self._parent.execute(command, params)\n           ^^^^^^^^^^^^^^^^^^^^^^^^^^^^^^^^^^^^^\n  File \"C:\\Users\\abzalhussain\\AppData\\Local\\Programs\\Python\\Python311\\Lib\\site-packages\\selenium\\webdriver\\remote\\webdriver.py\", line 345, in execute\n    self.error_handler.check_response(response)\n  File \"C:\\Users\\abzalhussain\\AppData\\Local\\Programs\\Python\\Python311\\Lib\\site-packages\\selenium\\webdriver\\remote\\errorhandler.py\", line 229, in check_response\n    raise exception_class(message, screen, stacktrace)\n"}, "attachments": [{"name": "failed_screenshot", "source": "e56d5bc7-5c4f-42fe-b81f-b7643826f476-attachment.png", "type": "image/png"}], "start": 1695029172182, "stop": 1695029190243}, {"name": "Then validate the task and note count is reflected or not in kanban view dropdown", "status": "skipped", "start": 1695029190243, "stop": 1695029190243}], "start": 1695029144748, "stop": 1695029190243, "uuid": "855a3b89-b2da-41f1-83a6-b5e1dd85b05a", "historyId": "acb48ab7a844b7b3b27bb38305ce1349", "fullName": "checking in kanban view the count of tasks and notes showing correct: In kanban view click on dropdown of opportunity and checking that It is showing details", "labels": [{"name": "severity", "value": "normal"}, {"name": "tag", "value": "coll"}, {"name": "feature", "value": "checking in kanban view the count of tasks and notes showing correct"}, {"name": "framework", "value": "behave"}, {"name": "language", "value": "cpython3"}]}