{"name": "Document is uploading in document  section", "status": "broken", "statusDetails": {"message": "selenium.common.exceptions.NoSuchElementException: Message: no such element: Unable to locate element: {\"method\":\"xpath\",\"selector\":\"//input[@id='file-upload - ']\"}\n  (Session info: MicrosoftEdge=116.0.1938.81); For documentation on this error, please visit: https://www.selenium.dev/documentation/webdriver/troubleshooting/errors#no-such-element-exception\nStacktrace:\n\tGetHandleVerifier [0x00007FF7AEDE3D92+61490]\n\tMicrosoft::Applications::Events::EventProperty::~EventProperty [0x00007FF7AED75FE2+740626]\n\t(No symbol) [0x00007FF7AEB4B8AE]\n\t(No symbol) [0x00007FF7AEB932F4]\n\t(No symbol) [0x00007FF7AEB93405]\n\t(No symbol) [0x00007FF7AEBCFCE7]\n\t(No symbol) [0x00007FF7AEBB394F]\n\t(No symbol) [0x00007FF7AEB87021]\n\t(No symbol) [0x00007FF7AEBCCE21]\n\t(No symbol) [0x00007FF7AEBB36E3]\n\t(No symbol) [0x00007FF7AEB85EAA]\n\t(No symbol) [0x00007FF7AEB8518B]\n\t(No symbol) [0x00007FF7AEB86634]\n\tMicrosoft::Applications::Events::ILogManager::DispatchEventBroadcast [0x00007FF7AEFA8D49+1207369]\n\t(No symbol) [0x00007FF7AEC05304]\n\tMicrosoft::Applications::Events::EventProperty::~EventProperty [0x00007FF7AECC90E1+32273]\n\tMicrosoft::Applications::Events::EventProperty::~EventProperty [0x00007FF7AECC19D9+1801]\n\tMicrosoft::Applications::Events::ILogManager::DispatchEventBroadcast [0x00007FF7AEFA7924+1202212]\n\tMicrosoft::Applications::Events::ILogConfiguration::operator* [0x00007FF7AED7E978+19784]\n\tMicrosoft::Applications::Events::ILogConfiguration::operator* [0x00007FF7AED7AE34+4612]\n\tMicrosoft::Applications::Events::ILogConfiguration::operator* [0x00007FF7AED7AF66+4918]\n\tMicrosoft::Applications::Events::EventProperty::~EventProperty [0x00007FF7AED6F431+713057]\n\tBaseThreadInitThunk [0x00007FFB8F9B257D+29]\n\tRtlUserThreadStart [0x00007FFB9148AA68+40]\n\n", "trace": "  File \"C:\\Users\\abzalhussain\\PycharmProjects\\Propflo2\\venv\\Lib\\site-packages\\behave\\model.py\", line 1329, in run\n    match.run(runner.context)\n  File \"C:\\Users\\abzalhussain\\PycharmProjects\\Propflo2\\venv\\Lib\\site-packages\\behave\\matchers.py\", line 98, in run\n    self.func(context, *args, **kwargs)\n  File \"features\\steps\\AddDocument.py\", line 21, in step_impl\n    context.ADCP.upload_file(\"C://Users/abzalhussain/Desktop/download.jpeg\")\n  File \"C:\\Users\\abzalhussain\\PycharmProjects\\Propflo2\\pages\\AddDocumentPage.py\", line 27, in upload_file\n    file_input = self.driver.find_element(*self.FILE_UPLOAD_INPUT)\n                 ^^^^^^^^^^^^^^^^^^^^^^^^^^^^^^^^^^^^^^^^^^^^^^^^^\n  File \"C:\\Users\\abzalhussain\\AppData\\Local\\Programs\\Python\\Python311\\Lib\\site-packages\\selenium\\webdriver\\remote\\webdriver.py\", line 739, in find_element\n    return self.execute(Command.FIND_ELEMENT, {\"using\": by, \"value\": value})[\"value\"]\n           ^^^^^^^^^^^^^^^^^^^^^^^^^^^^^^^^^^^^^^^^^^^^^^^^^^^^^^^^^^^^^^^^^\n  File \"C:\\Users\\abzalhussain\\AppData\\Local\\Programs\\Python\\Python311\\Lib\\site-packages\\selenium\\webdriver\\remote\\webdriver.py\", line 345, in execute\n    self.error_handler.check_response(response)\n  File \"C:\\Users\\abzalhussain\\AppData\\Local\\Programs\\Python\\Python311\\Lib\\site-packages\\selenium\\webdriver\\remote\\errorhandler.py\", line 229, in check_response\n    raise exception_class(message, screen, stacktrace)\n"}, "steps": [{"name": "When user clicks on Document option", "status": "passed", "start": 1695028464222, "stop": 1695028466260}, {"name": "And in that page he clicks Add Documents", "status": "passed", "start": 1695028466260, "stop": 1695028468310}, {"name": "And user upload file here", "status": "broken", "statusDetails": {"message": "selenium.common.exceptions.NoSuchElementException: Message: no such element: Unable to locate element: {\"method\":\"xpath\",\"selector\":\"//input[@id='file-upload - ']\"}\n  (Session info: MicrosoftEdge=116.0.1938.81); For documentation on this error, please visit: https://www.selenium.dev/documentation/webdriver/troubleshooting/errors#no-such-element-exception\nStacktrace:\n\tGetHandleVerifier [0x00007FF7AEDE3D92+61490]\n\tMicrosoft::Applications::Events::EventProperty::~EventProperty [0x00007FF7AED75FE2+740626]\n\t(No symbol) [0x00007FF7AEB4B8AE]\n\t(No symbol) [0x00007FF7AEB932F4]\n\t(No symbol) [0x00007FF7AEB93405]\n\t(No symbol) [0x00007FF7AEBCFCE7]\n\t(No symbol) [0x00007FF7AEBB394F]\n\t(No symbol) [0x00007FF7AEB87021]\n\t(No symbol) [0x00007FF7AEBCCE21]\n\t(No symbol) [0x00007FF7AEBB36E3]\n\t(No symbol) [0x00007FF7AEB85EAA]\n\t(No symbol) [0x00007FF7AEB8518B]\n\t(No symbol) [0x00007FF7AEB86634]\n\tMicrosoft::Applications::Events::ILogManager::DispatchEventBroadcast [0x00007FF7AEFA8D49+1207369]\n\t(No symbol) [0x00007FF7AEC05304]\n\tMicrosoft::Applications::Events::EventProperty::~EventProperty [0x00007FF7AECC90E1+32273]\n\tMicrosoft::Applications::Events::EventProperty::~EventProperty [0x00007FF7AECC19D9+1801]\n\tMicrosoft::Applications::Events::ILogManager::DispatchEventBroadcast [0x00007FF7AEFA7924+1202212]\n\tMicrosoft::Applications::Events::ILogConfiguration::operator* [0x00007FF7AED7E978+19784]\n\tMicrosoft::Applications::Events::ILogConfiguration::operator* [0x00007FF7AED7AE34+4612]\n\tMicrosoft::Applications::Events::ILogConfiguration::operator* [0x00007FF7AED7AF66+4918]\n\tMicrosoft::Applications::Events::EventProperty::~EventProperty [0x00007FF7AED6F431+713057]\n\tBaseThreadInitThunk [0x00007FFB8F9B257D+29]\n\tRtlUserThreadStart [0x00007FFB9148AA68+40]\n\n", "trace": "  File \"C:\\Users\\abzalhussain\\PycharmProjects\\Propflo2\\venv\\Lib\\site-packages\\behave\\model.py\", line 1329, in run\n    match.run(runner.context)\n  File \"C:\\Users\\abzalhussain\\PycharmProjects\\Propflo2\\venv\\Lib\\site-packages\\behave\\matchers.py\", line 98, in run\n    self.func(context, *args, **kwargs)\n  File \"features\\steps\\AddDocument.py\", line 21, in step_impl\n    context.ADCP.upload_file(\"C://Users/abzalhussain/Desktop/download.jpeg\")\n  File \"C:\\Users\\abzalhussain\\PycharmProjects\\Propflo2\\pages\\AddDocumentPage.py\", line 27, in upload_file\n    file_input = self.driver.find_element(*self.FILE_UPLOAD_INPUT)\n                 ^^^^^^^^^^^^^^^^^^^^^^^^^^^^^^^^^^^^^^^^^^^^^^^^^\n  File \"C:\\Users\\abzalhussain\\AppData\\Local\\Programs\\Python\\Python311\\Lib\\site-packages\\selenium\\webdriver\\remote\\webdriver.py\", line 739, in find_element\n    return self.execute(Command.FIND_ELEMENT, {\"using\": by, \"value\": value})[\"value\"]\n           ^^^^^^^^^^^^^^^^^^^^^^^^^^^^^^^^^^^^^^^^^^^^^^^^^^^^^^^^^^^^^^^^^\n  File \"C:\\Users\\abzalhussain\\AppData\\Local\\Programs\\Python\\Python311\\Lib\\site-packages\\selenium\\webdriver\\remote\\webdriver.py\", line 345, in execute\n    self.error_handler.check_response(response)\n  File \"C:\\Users\\abzalhussain\\AppData\\Local\\Programs\\Python\\Python311\\Lib\\site-packages\\selenium\\webdriver\\remote\\errorhandler.py\", line 229, in check_response\n    raise exception_class(message, screen, stacktrace)\n"}, "attachments": [{"name": "failed_screenshot", "source": "0af2f821-7df6-4ee5-a711-297fcf267d3b-attachment.png", "type": "image/png"}], "start": 1695028468310, "stop": 1695028478508}, {"name": "And clicks save", "status": "skipped", "start": 1695028478508, "stop": 1695028478508}, {"name": "Then check wheather the file is uploaded or not", "status": "skipped", "start": 1695028478508, "stop": 1695028478508}], "start": 1695028464222, "stop": 1695028478508, "uuid": "c6de853e-e1c9-4ba3-9ff9-75eb1fef848a", "historyId": "024119666c435fa7086d585c00f22227", "fullName": "Adding document in leads profile: Document is uploading in document  section", "labels": [{"name": "severity", "value": "normal"}, {"name": "tag", "value": "fu"}, {"name": "feature", "value": "Adding document in leads profile"}, {"name": "framework", "value": "behave"}, {"name": "language", "value": "cpython3"}]}