{"name": "changing labels in bulk action in kanban view", "status": "broken", "statusDetails": {"message": "selenium.common.exceptions.NoSuchElementException: Message: no such element: Unable to locate element: {\"method\":\"xpath\",\"selector\":\"(//input[@id='selectedKanbanOpportunity'])[1]\"}\n  (Session info: MicrosoftEdge=116.0.1938.81); For documentation on this error, please visit: https://www.selenium.dev/documentation/webdriver/troubleshooting/errors#no-such-element-exception\nStacktrace:\n\tGetHandleVerifier [0x00007FF7AEDE3D92+61490]\n\tMicrosoft::Applications::Events::EventProperty::~EventProperty [0x00007FF7AED75FE2+740626]\n\t(No symbol) [0x00007FF7AEB4B8AE]\n\t(No symbol) [0x00007FF7AEB932F4]\n\t(No symbol) [0x00007FF7AEB93405]\n\t(No symbol) [0x00007FF7AEBCFCE7]\n\t(No symbol) [0x00007FF7AEBB394F]\n\t(No symbol) [0x00007FF7AEB87021]\n\t(No symbol) [0x00007FF7AEBCCE21]\n\t(No symbol) [0x00007FF7AEBB36E3]\n\t(No symbol) [0x00007FF7AEB85EAA]\n\t(No symbol) [0x00007FF7AEB8518B]\n\t(No symbol) [0x00007FF7AEB86634]\n\tMicrosoft::Applications::Events::ILogManager::DispatchEventBroadcast [0x00007FF7AEFA8D49+1207369]\n\t(No symbol) [0x00007FF7AEC05304]\n\tMicrosoft::Applications::Events::EventProperty::~EventProperty [0x00007FF7AECC90E1+32273]\n\tMicrosoft::Applications::Events::EventProperty::~EventProperty [0x00007FF7AECC19D9+1801]\n\tMicrosoft::Applications::Events::ILogManager::DispatchEventBroadcast [0x00007FF7AEFA7924+1202212]\n\tMicrosoft::Applications::Events::ILogConfiguration::operator* [0x00007FF7AED7E978+19784]\n\tMicrosoft::Applications::Events::ILogConfiguration::operator* [0x00007FF7AED7AE34+4612]\n\tMicrosoft::Applications::Events::ILogConfiguration::operator* [0x00007FF7AED7AF66+4918]\n\tMicrosoft::Applications::Events::EventProperty::~EventProperty [0x00007FF7AED6F431+713057]\n\tBaseThreadInitThunk [0x00007FFB8F9B257D+29]\n\tRtlUserThreadStart [0x00007FFB9148AA68+40]\n\n", "trace": "  File \"C:\\Users\\abzalhussain\\PycharmProjects\\Propflo2\\venv\\Lib\\site-packages\\behave\\model.py\", line 1329, in run\n    match.run(runner.context)\n  File \"C:\\Users\\abzalhussain\\PycharmProjects\\Propflo2\\venv\\Lib\\site-packages\\behave\\matchers.py\", line 98, in run\n    self.func(context, *args, **kwargs)\n  File \"features\\steps\\Bulk_Actions_InKanbanView.py\", line 14, in step_impl\n    context.KVP.select_multiple_opp()\n  File \"C:\\Users\\abzalhussain\\PycharmProjects\\Propflo2\\pages\\kanbanViewPage.py\", line 82, in select_multiple_opp\n    self.driver.find_element(By.XPATH, z).click()\n    ^^^^^^^^^^^^^^^^^^^^^^^^^^^^^^^^^^^^^\n  File \"C:\\Users\\abzalhussain\\AppData\\Local\\Programs\\Python\\Python311\\Lib\\site-packages\\selenium\\webdriver\\remote\\webdriver.py\", line 739, in find_element\n    return self.execute(Command.FIND_ELEMENT, {\"using\": by, \"value\": value})[\"value\"]\n           ^^^^^^^^^^^^^^^^^^^^^^^^^^^^^^^^^^^^^^^^^^^^^^^^^^^^^^^^^^^^^^^^^\n  File \"C:\\Users\\abzalhussain\\AppData\\Local\\Programs\\Python\\Python311\\Lib\\site-packages\\selenium\\webdriver\\remote\\webdriver.py\", line 345, in execute\n    self.error_handler.check_response(response)\n  File \"C:\\Users\\abzalhussain\\AppData\\Local\\Programs\\Python\\Python311\\Lib\\site-packages\\selenium\\webdriver\\remote\\errorhandler.py\", line 229, in check_response\n    raise exception_class(message, screen, stacktrace)\n"}, "steps": [{"name": "When select four opportunities in kanban view", "status": "broken", "statusDetails": {"message": "selenium.common.exceptions.NoSuchElementException: Message: no such element: Unable to locate element: {\"method\":\"xpath\",\"selector\":\"(//input[@id='selectedKanbanOpportunity'])[1]\"}\n  (Session info: MicrosoftEdge=116.0.1938.81); For documentation on this error, please visit: https://www.selenium.dev/documentation/webdriver/troubleshooting/errors#no-such-element-exception\nStacktrace:\n\tGetHandleVerifier [0x00007FF7AEDE3D92+61490]\n\tMicrosoft::Applications::Events::EventProperty::~EventProperty [0x00007FF7AED75FE2+740626]\n\t(No symbol) [0x00007FF7AEB4B8AE]\n\t(No symbol) [0x00007FF7AEB932F4]\n\t(No symbol) [0x00007FF7AEB93405]\n\t(No symbol) [0x00007FF7AEBCFCE7]\n\t(No symbol) [0x00007FF7AEBB394F]\n\t(No symbol) [0x00007FF7AEB87021]\n\t(No symbol) [0x00007FF7AEBCCE21]\n\t(No symbol) [0x00007FF7AEBB36E3]\n\t(No symbol) [0x00007FF7AEB85EAA]\n\t(No symbol) [0x00007FF7AEB8518B]\n\t(No symbol) [0x00007FF7AEB86634]\n\tMicrosoft::Applications::Events::ILogManager::DispatchEventBroadcast [0x00007FF7AEFA8D49+1207369]\n\t(No symbol) [0x00007FF7AEC05304]\n\tMicrosoft::Applications::Events::EventProperty::~EventProperty [0x00007FF7AECC90E1+32273]\n\tMicrosoft::Applications::Events::EventProperty::~EventProperty [0x00007FF7AECC19D9+1801]\n\tMicrosoft::Applications::Events::ILogManager::DispatchEventBroadcast [0x00007FF7AEFA7924+1202212]\n\tMicrosoft::Applications::Events::ILogConfiguration::operator* [0x00007FF7AED7E978+19784]\n\tMicrosoft::Applications::Events::ILogConfiguration::operator* [0x00007FF7AED7AE34+4612]\n\tMicrosoft::Applications::Events::ILogConfiguration::operator* [0x00007FF7AED7AF66+4918]\n\tMicrosoft::Applications::Events::EventProperty::~EventProperty [0x00007FF7AED6F431+713057]\n\tBaseThreadInitThunk [0x00007FFB8F9B257D+29]\n\tRtlUserThreadStart [0x00007FFB9148AA68+40]\n\n", "trace": "  File \"C:\\Users\\abzalhussain\\PycharmProjects\\Propflo2\\venv\\Lib\\site-packages\\behave\\model.py\", line 1329, in run\n    match.run(runner.context)\n  File \"C:\\Users\\abzalhussain\\PycharmProjects\\Propflo2\\venv\\Lib\\site-packages\\behave\\matchers.py\", line 98, in run\n    self.func(context, *args, **kwargs)\n  File \"features\\steps\\Bulk_Actions_InKanbanView.py\", line 14, in step_impl\n    context.KVP.select_multiple_opp()\n  File \"C:\\Users\\abzalhussain\\PycharmProjects\\Propflo2\\pages\\kanbanViewPage.py\", line 82, in select_multiple_opp\n    self.driver.find_element(By.XPATH, z).click()\n    ^^^^^^^^^^^^^^^^^^^^^^^^^^^^^^^^^^^^^\n  File \"C:\\Users\\abzalhussain\\AppData\\Local\\Programs\\Python\\Python311\\Lib\\site-packages\\selenium\\webdriver\\remote\\webdriver.py\", line 739, in find_element\n    return self.execute(Command.FIND_ELEMENT, {\"using\": by, \"value\": value})[\"value\"]\n           ^^^^^^^^^^^^^^^^^^^^^^^^^^^^^^^^^^^^^^^^^^^^^^^^^^^^^^^^^^^^^^^^^\n  File \"C:\\Users\\abzalhussain\\AppData\\Local\\Programs\\Python\\Python311\\Lib\\site-packages\\selenium\\webdriver\\remote\\webdriver.py\", line 345, in execute\n    self.error_handler.check_response(response)\n  File \"C:\\Users\\abzalhussain\\AppData\\Local\\Programs\\Python\\Python311\\Lib\\site-packages\\selenium\\webdriver\\remote\\errorhandler.py\", line 229, in check_response\n    raise exception_class(message, screen, stacktrace)\n"}, "attachments": [{"name": "failed_screenshot", "source": "5fa68c5c-76c8-4312-b1fb-1c969665b81f-attachment.png", "type": "image/png"}], "start": 1695029190252, "stop": 1695029203457}, {"name": "And click on add label for bulk", "status": "skipped", "start": 1695029203469, "stop": 1695029203469}, {"name": "And select label from dropdown and save it", "status": "skipped", "start": 1695029203469, "stop": 1695029203469}, {"name": "Then valiadte that labels added by count and by checking in dropdown that all labels are showing", "status": "skipped", "start": 1695029203469, "stop": 1695029203469}], "start": 1695029190252, "stop": 1695029203469, "uuid": "23daf22a-3a53-4db1-9659-de2d8c7838e0", "historyId": "5938c28095531f35f66ffbe6209cb9ba", "fullName": "performing bulk actions in kanban view: changing labels in bulk action in kanban view", "labels": [{"name": "severity", "value": "normal"}, {"name": "tag", "value": "coll"}, {"name": "feature", "value": "performing bulk actions in kanban view"}, {"name": "framework", "value": "behave"}, {"name": "language", "value": "cpython3"}]}