{"name": "Adding mile stone and validating under project updates", "status": "broken", "statusDetails": {"message": "selenium.common.exceptions.NoSuchElementException: Message: no such element: Unable to locate element: {\"method\":\"xpath\",\"selector\":\"(//app-select-dropdown/div/div/div/div/label)[3]\"}\n  (Session info: MicrosoftEdge=116.0.1938.81); For documentation on this error, please visit: https://www.selenium.dev/documentation/webdriver/troubleshooting/errors#no-such-element-exception\nStacktrace:\n\tGetHandleVerifier [0x00007FF7AEDE3D92+61490]\n\tMicrosoft::Applications::Events::EventProperty::~EventProperty [0x00007FF7AED75FE2+740626]\n\t(No symbol) [0x00007FF7AEB4B8AE]\n\t(No symbol) [0x00007FF7AEB932F4]\n\t(No symbol) [0x00007FF7AEB93405]\n\t(No symbol) [0x00007FF7AEBCFCE7]\n\t(No symbol) [0x00007FF7AEBB394F]\n\t(No symbol) [0x00007FF7AEB87021]\n\t(No symbol) [0x00007FF7AEBCCE21]\n\t(No symbol) [0x00007FF7AEBB36E3]\n\t(No symbol) [0x00007FF7AEB85EAA]\n\t(No symbol) [0x00007FF7AEB8518B]\n\t(No symbol) [0x00007FF7AEB86634]\n\tMicrosoft::Applications::Events::ILogManager::DispatchEventBroadcast [0x00007FF7AEFA8D49+1207369]\n\t(No symbol) [0x00007FF7AEC05304]\n\tMicrosoft::Applications::Events::EventProperty::~EventProperty [0x00007FF7AECC90E1+32273]\n\tMicrosoft::Applications::Events::EventProperty::~EventProperty [0x00007FF7AECC19D9+1801]\n\tMicrosoft::Applications::Events::ILogManager::DispatchEventBroadcast [0x00007FF7AEFA7924+1202212]\n\tMicrosoft::Applications::Events::ILogConfiguration::operator* [0x00007FF7AED7E978+19784]\n\tMicrosoft::Applications::Events::ILogConfiguration::operator* [0x00007FF7AED7AE34+4612]\n\tMicrosoft::Applications::Events::ILogConfiguration::operator* [0x00007FF7AED7AF66+4918]\n\tMicrosoft::Applications::Events::EventProperty::~EventProperty [0x00007FF7AED6F431+713057]\n\tBaseThreadInitThunk [0x00007FFB8F9B257D+29]\n\tRtlUserThreadStart [0x00007FFB9148AA68+40]\n\n", "trace": "  File \"C:\\Users\\abzalhussain\\PycharmProjects\\Propflo2\\venv\\Lib\\site-packages\\behave\\model.py\", line 1329, in run\n    match.run(runner.context)\n  File \"C:\\Users\\abzalhussain\\PycharmProjects\\Propflo2\\venv\\Lib\\site-packages\\behave\\matchers.py\", line 98, in run\n    self.func(context, *args, **kwargs)\n  File \"features\\steps\\projectUpdates.py\", line 27, in step_impl\n    context.PUP.fill_data_inMilestone()\n  File \"C:\\Users\\abzalhussain\\PycharmProjects\\Propflo2\\pages\\projectUpdatePage.py\", line 135, in fill_data_inMilestone\n    gett = self.driver.find_element(*self.TOWER_SELECT_LABEL).text\n           ^^^^^^^^^^^^^^^^^^^^^^^^^^^^^^^^^^^^^^^^^^^^^^^^^^\n  File \"C:\\Users\\abzalhussain\\AppData\\Local\\Programs\\Python\\Python311\\Lib\\site-packages\\selenium\\webdriver\\remote\\webdriver.py\", line 739, in find_element\n    return self.execute(Command.FIND_ELEMENT, {\"using\": by, \"value\": value})[\"value\"]\n           ^^^^^^^^^^^^^^^^^^^^^^^^^^^^^^^^^^^^^^^^^^^^^^^^^^^^^^^^^^^^^^^^^\n  File \"C:\\Users\\abzalhussain\\AppData\\Local\\Programs\\Python\\Python311\\Lib\\site-packages\\selenium\\webdriver\\remote\\webdriver.py\", line 345, in execute\n    self.error_handler.check_response(response)\n  File \"C:\\Users\\abzalhussain\\AppData\\Local\\Programs\\Python\\Python311\\Lib\\site-packages\\selenium\\webdriver\\remote\\errorhandler.py\", line 229, in check_response\n    raise exception_class(message, screen, stacktrace)\n"}, "steps": [{"name": "When click on settings button", "status": "passed", "start": 1695029276537, "stop": 1695029278581}, {"name": "And click on project updates tab", "status": "passed", "start": 1695029278581, "stop": 1695029279639}, {"name": "And in mile stone section click on AddMileStone", "status": "passed", "start": 1695029279639, "stop": 1695029279722}, {"name": "And fill data in MileStone", "status": "broken", "statusDetails": {"message": "selenium.common.exceptions.NoSuchElementException: Message: no such element: Unable to locate element: {\"method\":\"xpath\",\"selector\":\"(//app-select-dropdown/div/div/div/div/label)[3]\"}\n  (Session info: MicrosoftEdge=116.0.1938.81); For documentation on this error, please visit: https://www.selenium.dev/documentation/webdriver/troubleshooting/errors#no-such-element-exception\nStacktrace:\n\tGetHandleVerifier [0x00007FF7AEDE3D92+61490]\n\tMicrosoft::Applications::Events::EventProperty::~EventProperty [0x00007FF7AED75FE2+740626]\n\t(No symbol) [0x00007FF7AEB4B8AE]\n\t(No symbol) [0x00007FF7AEB932F4]\n\t(No symbol) [0x00007FF7AEB93405]\n\t(No symbol) [0x00007FF7AEBCFCE7]\n\t(No symbol) [0x00007FF7AEBB394F]\n\t(No symbol) [0x00007FF7AEB87021]\n\t(No symbol) [0x00007FF7AEBCCE21]\n\t(No symbol) [0x00007FF7AEBB36E3]\n\t(No symbol) [0x00007FF7AEB85EAA]\n\t(No symbol) [0x00007FF7AEB8518B]\n\t(No symbol) [0x00007FF7AEB86634]\n\tMicrosoft::Applications::Events::ILogManager::DispatchEventBroadcast [0x00007FF7AEFA8D49+1207369]\n\t(No symbol) [0x00007FF7AEC05304]\n\tMicrosoft::Applications::Events::EventProperty::~EventProperty [0x00007FF7AECC90E1+32273]\n\tMicrosoft::Applications::Events::EventProperty::~EventProperty [0x00007FF7AECC19D9+1801]\n\tMicrosoft::Applications::Events::ILogManager::DispatchEventBroadcast [0x00007FF7AEFA7924+1202212]\n\tMicrosoft::Applications::Events::ILogConfiguration::operator* [0x00007FF7AED7E978+19784]\n\tMicrosoft::Applications::Events::ILogConfiguration::operator* [0x00007FF7AED7AE34+4612]\n\tMicrosoft::Applications::Events::ILogConfiguration::operator* [0x00007FF7AED7AF66+4918]\n\tMicrosoft::Applications::Events::EventProperty::~EventProperty [0x00007FF7AED6F431+713057]\n\tBaseThreadInitThunk [0x00007FFB8F9B257D+29]\n\tRtlUserThreadStart [0x00007FFB9148AA68+40]\n\n", "trace": "  File \"C:\\Users\\abzalhussain\\PycharmProjects\\Propflo2\\venv\\Lib\\site-packages\\behave\\model.py\", line 1329, in run\n    match.run(runner.context)\n  File \"C:\\Users\\abzalhussain\\PycharmProjects\\Propflo2\\venv\\Lib\\site-packages\\behave\\matchers.py\", line 98, in run\n    self.func(context, *args, **kwargs)\n  File \"features\\steps\\projectUpdates.py\", line 27, in step_impl\n    context.PUP.fill_data_inMilestone()\n  File \"C:\\Users\\abzalhussain\\PycharmProjects\\Propflo2\\pages\\projectUpdatePage.py\", line 135, in fill_data_inMilestone\n    gett = self.driver.find_element(*self.TOWER_SELECT_LABEL).text\n           ^^^^^^^^^^^^^^^^^^^^^^^^^^^^^^^^^^^^^^^^^^^^^^^^^^\n  File \"C:\\Users\\abzalhussain\\AppData\\Local\\Programs\\Python\\Python311\\Lib\\site-packages\\selenium\\webdriver\\remote\\webdriver.py\", line 739, in find_element\n    return self.execute(Command.FIND_ELEMENT, {\"using\": by, \"value\": value})[\"value\"]\n           ^^^^^^^^^^^^^^^^^^^^^^^^^^^^^^^^^^^^^^^^^^^^^^^^^^^^^^^^^^^^^^^^^\n  File \"C:\\Users\\abzalhussain\\AppData\\Local\\Programs\\Python\\Python311\\Lib\\site-packages\\selenium\\webdriver\\remote\\webdriver.py\", line 345, in execute\n    self.error_handler.check_response(response)\n  File \"C:\\Users\\abzalhussain\\AppData\\Local\\Programs\\Python\\Python311\\Lib\\site-packages\\selenium\\webdriver\\remote\\errorhandler.py\", line 229, in check_response\n    raise exception_class(message, screen, stacktrace)\n"}, "attachments": [{"name": "failed_screenshot", "source": "d8809002-d359-4526-904c-d489f7fbbb19-attachment.png", "type": "image/png"}], "start": 1695029279723, "stop": 1695029290074}, {"name": "Then check Mile stone is added or not", "status": "skipped", "start": 1695029290077, "stop": 1695029290077}], "start": 1695029276537, "stop": 1695029290077, "uuid": "a8db34db-6877-4625-b76a-f821c88f9ee2", "historyId": "bf06cca3d487eb4fc4f3b219ca174ff3", "fullName": "In Project Updates we adding milestones,newsletters,project_documents: Adding mile stone and validating under project updates", "labels": [{"name": "severity", "value": "normal"}, {"name": "tag", "value": "c"}, {"name": "feature", "value": "In Project Updates we adding milestones,newsletters,project_documents"}, {"name": "framework", "value": "behave"}, {"name": "language", "value": "cpython3"}]}