{"name": "Adding mile stone and validating under project updates", "status": "broken", "statusDetails": {"message": "selenium.common.exceptions.ElementNotInteractableException: Message: element not interactable\n  (Session info: chrome=116.0.5845.188)\nStacktrace:\n\tGetHandleVerifier [0x00007FF73DF752A2+57122]\n\t(No symbol) [0x00007FF73DEEEA92]\n\t(No symbol) [0x00007FF73DDBE25D]\n\t(No symbol) [0x00007FF73DDF8E97]\n\t(No symbol) [0x00007FF73DDEF25F]\n\t(No symbol) [0x00007FF73DE16FDA]\n\t(No symbol) [0x00007FF73DDEEB76]\n\t(No symbol) [0x00007FF73DE171F0]\n\t(No symbol) [0x00007FF73DE2EB82]\n\t(No symbol) [0x00007FF73DE16DB3]\n\t(No symbol) [0x00007FF73DDED2B1]\n\t(No symbol) [0x00007FF73DDEE494]\n\tGetHandleVerifier [0x00007FF73E21EF82+2849794]\n\tGetHandleVerifier [0x00007FF73E271D24+3189156]\n\tGetHandleVerifier [0x00007FF73E26ACAF+3160367]\n\tGetHandleVerifier [0x00007FF73E006D06+653702]\n\t(No symbol) [0x00007FF73DEFA208]\n\t(No symbol) [0x00007FF73DEF62C4]\n\t(No symbol) [0x00007FF73DEF63F6]\n\t(No symbol) [0x00007FF73DEE67A3]\n\tBaseThreadInitThunk [0x00007FFEE1EE257D+29]\n\tRtlUserThreadStart [0x00007FFEE252AA68+40]\n\n", "trace": "  File \"C:\\Users\\abzalhussain\\PycharmProjects\\Propflo2\\venv\\Lib\\site-packages\\behave\\model.py\", line 1329, in run\n    match.run(runner.context)\n  File \"C:\\Users\\abzalhussain\\PycharmProjects\\Propflo2\\venv\\Lib\\site-packages\\behave\\matchers.py\", line 98, in run\n    self.func(context, *args, **kwargs)\n  File \"features\\steps\\projectUpdates.py\", line 11, in step_impl\n    context.PUP.click_settings_button()\n  File \"C:\\Users\\abzalhussain\\PycharmProjects\\Propflo2\\pages\\projectUpdatePage.py\", line 118, in click_settings_button\n    self.driver.find_element(*self.SETTINGS_BUTTON).click()\n  File \"C:\\Users\\abzalhussain\\AppData\\Local\\Programs\\Python\\Python311\\Lib\\site-packages\\selenium\\webdriver\\remote\\webelement.py\", line 94, in click\n    self._execute(Command.CLICK_ELEMENT)\n  File \"C:\\Users\\abzalhussain\\AppData\\Local\\Programs\\Python\\Python311\\Lib\\site-packages\\selenium\\webdriver\\remote\\webelement.py\", line 395, in _execute\n    return self._parent.execute(command, params)\n           ^^^^^^^^^^^^^^^^^^^^^^^^^^^^^^^^^^^^^\n  File \"C:\\Users\\abzalhussain\\AppData\\Local\\Programs\\Python\\Python311\\Lib\\site-packages\\selenium\\webdriver\\remote\\webdriver.py\", line 345, in execute\n    self.error_handler.check_response(response)\n  File \"C:\\Users\\abzalhussain\\AppData\\Local\\Programs\\Python\\Python311\\Lib\\site-packages\\selenium\\webdriver\\remote\\errorhandler.py\", line 229, in check_response\n    raise exception_class(message, screen, stacktrace)\n"}, "steps": [{"name": "When click on settings button", "status": "broken", "statusDetails": {"message": "selenium.common.exceptions.ElementNotInteractableException: Message: element not interactable\n  (Session info: chrome=116.0.5845.188)\nStacktrace:\n\tGetHandleVerifier [0x00007FF73DF752A2+57122]\n\t(No symbol) [0x00007FF73DEEEA92]\n\t(No symbol) [0x00007FF73DDBE25D]\n\t(No symbol) [0x00007FF73DDF8E97]\n\t(No symbol) [0x00007FF73DDEF25F]\n\t(No symbol) [0x00007FF73DE16FDA]\n\t(No symbol) [0x00007FF73DDEEB76]\n\t(No symbol) [0x00007FF73DE171F0]\n\t(No symbol) [0x00007FF73DE2EB82]\n\t(No symbol) [0x00007FF73DE16DB3]\n\t(No symbol) [0x00007FF73DDED2B1]\n\t(No symbol) [0x00007FF73DDEE494]\n\tGetHandleVerifier [0x00007FF73E21EF82+2849794]\n\tGetHandleVerifier [0x00007FF73E271D24+3189156]\n\tGetHandleVerifier [0x00007FF73E26ACAF+3160367]\n\tGetHandleVerifier [0x00007FF73E006D06+653702]\n\t(No symbol) [0x00007FF73DEFA208]\n\t(No symbol) [0x00007FF73DEF62C4]\n\t(No symbol) [0x00007FF73DEF63F6]\n\t(No symbol) [0x00007FF73DEE67A3]\n\tBaseThreadInitThunk [0x00007FFEE1EE257D+29]\n\tRtlUserThreadStart [0x00007FFEE252AA68+40]\n\n", "trace": "  File \"C:\\Users\\abzalhussain\\PycharmProjects\\Propflo2\\venv\\Lib\\site-packages\\behave\\model.py\", line 1329, in run\n    match.run(runner.context)\n  File \"C:\\Users\\abzalhussain\\PycharmProjects\\Propflo2\\venv\\Lib\\site-packages\\behave\\matchers.py\", line 98, in run\n    self.func(context, *args, **kwargs)\n  File \"features\\steps\\projectUpdates.py\", line 11, in step_impl\n    context.PUP.click_settings_button()\n  File \"C:\\Users\\abzalhussain\\PycharmProjects\\Propflo2\\pages\\projectUpdatePage.py\", line 118, in click_settings_button\n    self.driver.find_element(*self.SETTINGS_BUTTON).click()\n  File \"C:\\Users\\abzalhussain\\AppData\\Local\\Programs\\Python\\Python311\\Lib\\site-packages\\selenium\\webdriver\\remote\\webelement.py\", line 94, in click\n    self._execute(Command.CLICK_ELEMENT)\n  File \"C:\\Users\\abzalhussain\\AppData\\Local\\Programs\\Python\\Python311\\Lib\\site-packages\\selenium\\webdriver\\remote\\webelement.py\", line 395, in _execute\n    return self._parent.execute(command, params)\n           ^^^^^^^^^^^^^^^^^^^^^^^^^^^^^^^^^^^^^\n  File \"C:\\Users\\abzalhussain\\AppData\\Local\\Programs\\Python\\Python311\\Lib\\site-packages\\selenium\\webdriver\\remote\\webdriver.py\", line 345, in execute\n    self.error_handler.check_response(response)\n  File \"C:\\Users\\abzalhussain\\AppData\\Local\\Programs\\Python\\Python311\\Lib\\site-packages\\selenium\\webdriver\\remote\\errorhandler.py\", line 229, in check_response\n    raise exception_class(message, screen, stacktrace)\n"}, "attachments": [{"name": "failed_screenshot", "source": "34303d81-a06e-484d-96ee-834d103a243c-attachment.png", "type": "image/png"}], "start": 1695651269485, "stop": 1695651279661}, {"name": "And click on project updates tab", "status": "skipped", "start": 1695651279661, "stop": 1695651279661}, {"name": "And in mile stone section click on AddMileStone", "status": "skipped", "start": 1695651279661, "stop": 1695651279661}, {"name": "And fill data in MileStone", "status": "skipped", "start": 1695651279661, "stop": 1695651279661}, {"name": "Then check Mile stone is added or not", "status": "skipped", "start": 1695651279661, "stop": 1695651279661}], "start": 1695651269485, "stop": 1695651279661, "uuid": "6b59d50a-0afa-4957-be0e-6b5b8feebbf8", "historyId": "bf06cca3d487eb4fc4f3b219ca174ff3", "fullName": "In Project Updates we adding milestones,newsletters,project_documents: Adding mile stone and validating under project updates", "labels": [{"name": "severity", "value": "normal"}, {"name": "tag", "value": "c"}, {"name": "feature", "value": "In Project Updates we adding milestones,newsletters,project_documents"}, {"name": "framework", "value": "behave"}, {"name": "language", "value": "cpython3"}]}