{"name": "drag and drop to lost status", "status": "broken", "statusDetails": {"message": "selenium.common.exceptions.StaleElementReferenceException: Message: stale element reference: stale element not found\n  (Session info: chrome=116.0.5845.188); For documentation on this error, please visit: https://www.selenium.dev/documentation/webdriver/troubleshooting/errors#stale-element-reference-exception\nStacktrace:\n\tGetHandleVerifier [0x00007FF73DF752A2+57122]\n\t(No symbol) [0x00007FF73DEEEA92]\n\t(No symbol) [0x00007FF73DDBE3AB]\n\t(No symbol) [0x00007FF73DDC2382]\n\t(No symbol) [0x00007FF73DDC3D2F]\n\t(No symbol) [0x00007FF73DDC3E20]\n\t(No symbol) [0x00007FF73DDFCE0B]\n\t(No symbol) [0x00007FF73DDFC5D6]\n\t(No symbol) [0x00007FF73DE36F7B]\n\t(No symbol) [0x00007FF73DE16FDA]\n\t(No symbol) [0x00007FF73DE2EB82]\n\t(No symbol) [0x00007FF73DE16DB3]\n\t(No symbol) [0x00007FF73DDED2B1]\n\t(No symbol) [0x00007FF73DDEE494]\n\tGetHandleVerifier [0x00007FF73E21EF82+2849794]\n\tGetHandleVerifier [0x00007FF73E271D24+3189156]\n\tGetHandleVerifier [0x00007FF73E26ACAF+3160367]\n\tGetHandleVerifier [0x00007FF73E006D06+653702]\n\t(No symbol) [0x00007FF73DEFA208]\n\t(No symbol) [0x00007FF73DEF62C4]\n\t(No symbol) [0x00007FF73DEF63F6]\n\t(No symbol) [0x00007FF73DEE67A3]\n\tBaseThreadInitThunk [0x00007FFEE1EE257D+29]\n\tRtlUserThreadStart [0x00007FFEE252AA68+40]\n\n", "trace": "  File \"C:\\Users\\abzalhussain\\PycharmProjects\\Propflo2\\venv\\Lib\\site-packages\\behave\\model.py\", line 1329, in run\n    match.run(runner.context)\n  File \"C:\\Users\\abzalhussain\\PycharmProjects\\Propflo2\\venv\\Lib\\site-packages\\behave\\matchers.py\", line 98, in run\n    self.func(context, *args, **kwargs)\n  File \"features\\steps\\Drag_and_DropInKanbanView.py\", line 68, in step_impl\n    action.perform()\n  File \"C:\\Users\\abzalhussain\\AppData\\Local\\Programs\\Python\\Python311\\Lib\\site-packages\\selenium\\webdriver\\common\\action_chains.py\", line 103, in perform\n    self.w3c_actions.perform()\n  File \"C:\\Users\\abzalhussain\\AppData\\Local\\Programs\\Python\\Python311\\Lib\\site-packages\\selenium\\webdriver\\common\\actions\\action_builder.py\", line 96, in perform\n    self.driver.execute(Command.W3C_ACTIONS, enc)\n  File \"C:\\Users\\abzalhussain\\AppData\\Local\\Programs\\Python\\Python311\\Lib\\site-packages\\selenium\\webdriver\\remote\\webdriver.py\", line 345, in execute\n    self.error_handler.check_response(response)\n  File \"C:\\Users\\abzalhussain\\AppData\\Local\\Programs\\Python\\Python311\\Lib\\site-packages\\selenium\\webdriver\\remote\\errorhandler.py\", line 229, in check_response\n    raise exception_class(message, screen, stacktrace)\n"}, "steps": [{"name": "When click back to kanban _view", "status": "passed", "start": 1695651252537, "stop": 1695651265704}, {"name": "And select one element drag and drop into lost status", "status": "broken", "statusDetails": {"message": "selenium.common.exceptions.StaleElementReferenceException: Message: stale element reference: stale element not found\n  (Session info: chrome=116.0.5845.188); For documentation on this error, please visit: https://www.selenium.dev/documentation/webdriver/troubleshooting/errors#stale-element-reference-exception\nStacktrace:\n\tGetHandleVerifier [0x00007FF73DF752A2+57122]\n\t(No symbol) [0x00007FF73DEEEA92]\n\t(No symbol) [0x00007FF73DDBE3AB]\n\t(No symbol) [0x00007FF73DDC2382]\n\t(No symbol) [0x00007FF73DDC3D2F]\n\t(No symbol) [0x00007FF73DDC3E20]\n\t(No symbol) [0x00007FF73DDFCE0B]\n\t(No symbol) [0x00007FF73DDFC5D6]\n\t(No symbol) [0x00007FF73DE36F7B]\n\t(No symbol) [0x00007FF73DE16FDA]\n\t(No symbol) [0x00007FF73DE2EB82]\n\t(No symbol) [0x00007FF73DE16DB3]\n\t(No symbol) [0x00007FF73DDED2B1]\n\t(No symbol) [0x00007FF73DDEE494]\n\tGetHandleVerifier [0x00007FF73E21EF82+2849794]\n\tGetHandleVerifier [0x00007FF73E271D24+3189156]\n\tGetHandleVerifier [0x00007FF73E26ACAF+3160367]\n\tGetHandleVerifier [0x00007FF73E006D06+653702]\n\t(No symbol) [0x00007FF73DEFA208]\n\t(No symbol) [0x00007FF73DEF62C4]\n\t(No symbol) [0x00007FF73DEF63F6]\n\t(No symbol) [0x00007FF73DEE67A3]\n\tBaseThreadInitThunk [0x00007FFEE1EE257D+29]\n\tRtlUserThreadStart [0x00007FFEE252AA68+40]\n\n", "trace": "  File \"C:\\Users\\abzalhussain\\PycharmProjects\\Propflo2\\venv\\Lib\\site-packages\\behave\\model.py\", line 1329, in run\n    match.run(runner.context)\n  File \"C:\\Users\\abzalhussain\\PycharmProjects\\Propflo2\\venv\\Lib\\site-packages\\behave\\matchers.py\", line 98, in run\n    self.func(context, *args, **kwargs)\n  File \"features\\steps\\Drag_and_DropInKanbanView.py\", line 68, in step_impl\n    action.perform()\n  File \"C:\\Users\\abzalhussain\\AppData\\Local\\Programs\\Python\\Python311\\Lib\\site-packages\\selenium\\webdriver\\common\\action_chains.py\", line 103, in perform\n    self.w3c_actions.perform()\n  File \"C:\\Users\\abzalhussain\\AppData\\Local\\Programs\\Python\\Python311\\Lib\\site-packages\\selenium\\webdriver\\common\\actions\\action_builder.py\", line 96, in perform\n    self.driver.execute(Command.W3C_ACTIONS, enc)\n  File \"C:\\Users\\abzalhussain\\AppData\\Local\\Programs\\Python\\Python311\\Lib\\site-packages\\selenium\\webdriver\\remote\\webdriver.py\", line 345, in execute\n    self.error_handler.check_response(response)\n  File \"C:\\Users\\abzalhussain\\AppData\\Local\\Programs\\Python\\Python311\\Lib\\site-packages\\selenium\\webdriver\\remote\\errorhandler.py\", line 229, in check_response\n    raise exception_class(message, screen, stacktrace)\n"}, "attachments": [{"name": "failed_screenshot", "source": "c75f446c-5a23-4323-b907-72e84a8e2530-attachment.png", "type": "image/png"}], "start": 1695651265704, "stop": 1695651269485}, {"name": "And enter lost reason and click save", "status": "skipped", "start": 1695651269485, "stop": 1695651269485}, {"name": "Then check it dropped into lost or not", "status": "skipped", "start": 1695651269485, "stop": 1695651269485}], "start": 1695651252531, "stop": 1695651269485, "uuid": "94e777bd-55bd-4ccb-b415-a0471df5458c", "historyId": "b078f999d5033c3522170f10bf95b4ae", "fullName": "we test drag and drop in kanban view: drag and drop to lost status", "labels": [{"name": "severity", "value": "normal"}, {"name": "tag", "value": "coll"}, {"name": "feature", "value": "we test drag and drop in kanban view"}, {"name": "framework", "value": "behave"}, {"name": "language", "value": "cpython3"}]}