{"name": "create filter Tab in opportunity page -- @1.3 ", "status": "broken", "statusDetails": {"message": "selenium.common.exceptions.NoSuchElementException: Message: no such element: Unable to locate element: {\"method\":\"xpath\",\"selector\":\"(//label[contains(normalize-space(),'Sarath')])[1]\"}\n  (Session info: chrome=116.0.5845.188); For documentation on this error, please visit: https://www.selenium.dev/documentation/webdriver/troubleshooting/errors#no-such-element-exception\nStacktrace:\n\tGetHandleVerifier [0x00007FF73DF752A2+57122]\n\t(No symbol) [0x00007FF73DEEEA92]\n\t(No symbol) [0x00007FF73DDBE3AB]\n\t(No symbol) [0x00007FF73DDF7D3E]\n\t(No symbol) [0x00007FF73DDF7E2C]\n\t(No symbol) [0x00007FF73DE30B67]\n\t(No symbol) [0x00007FF73DE1701F]\n\t(No symbol) [0x00007FF73DE2EB82]\n\t(No symbol) [0x00007FF73DE16DB3]\n\t(No symbol) [0x00007FF73DDED2B1]\n\t(No symbol) [0x00007FF73DDEE494]\n\tGetHandleVerifier [0x00007FF73E21EF82+2849794]\n\tGetHandleVerifier [0x00007FF73E271D24+3189156]\n\tGetHandleVerifier [0x00007FF73E26ACAF+3160367]\n\tGetHandleVerifier [0x00007FF73E006D06+653702]\n\t(No symbol) [0x00007FF73DEFA208]\n\t(No symbol) [0x00007FF73DEF62C4]\n\t(No symbol) [0x00007FF73DEF63F6]\n\t(No symbol) [0x00007FF73DEE67A3]\n\tBaseThreadInitThunk [0x00007FFEE1EE257D+29]\n\tRtlUserThreadStart [0x00007FFEE252AA68+40]\n\n", "trace": "  File \"C:\\Users\\abzalhussain\\PycharmProjects\\Propflo2\\venv\\Lib\\site-packages\\behave\\model.py\", line 1329, in run\n    match.run(runner.context)\n  File \"C:\\Users\\abzalhussain\\PycharmProjects\\Propflo2\\venv\\Lib\\site-packages\\behave\\matchers.py\", line 98, in run\n    self.func(context, *args, **kwargs)\n  File \"features\\steps\\ApplyingFilter_InOpportunity.py\", line 48, in step_impl\n    context.AFCT.select_filter_type(source, type)\n  File \"C:\\Users\\abzalhussain\\PycharmProjects\\Propflo2\\pages\\ApplyingFilter_createTabPage.py\", line 77, in select_filter_type\n    self.driver.find_element(By.XPATH, source_type).click()\n    ^^^^^^^^^^^^^^^^^^^^^^^^^^^^^^^^^^^^^^^^^^^^^^^\n  File \"C:\\Users\\abzalhussain\\AppData\\Local\\Programs\\Python\\Python311\\Lib\\site-packages\\selenium\\webdriver\\remote\\webdriver.py\", line 739, in find_element\n    return self.execute(Command.FIND_ELEMENT, {\"using\": by, \"value\": value})[\"value\"]\n           ^^^^^^^^^^^^^^^^^^^^^^^^^^^^^^^^^^^^^^^^^^^^^^^^^^^^^^^^^^^^^^^^^\n  File \"C:\\Users\\abzalhussain\\AppData\\Local\\Programs\\Python\\Python311\\Lib\\site-packages\\selenium\\webdriver\\remote\\webdriver.py\", line 345, in execute\n    self.error_handler.check_response(response)\n  File \"C:\\Users\\abzalhussain\\AppData\\Local\\Programs\\Python\\Python311\\Lib\\site-packages\\selenium\\webdriver\\remote\\errorhandler.py\", line 229, in check_response\n    raise exception_class(message, screen, stacktrace)\n"}, "steps": [{"name": "When click on All opportunities filter button", "status": "passed", "start": 1695647430731, "stop": 1695647433781}, {"name": "When click on filter _button", "status": "passed", "start": 1695647433781, "stop": 1695647435832}, {"name": "And select _attributes you want to filter \"Assign\" and \"Sarath\" andtabName \"Assigne\"", "status": "broken", "statusDetails": {"message": "selenium.common.exceptions.NoSuchElementException: Message: no such element: Unable to locate element: {\"method\":\"xpath\",\"selector\":\"(//label[contains(normalize-space(),'Sarath')])[1]\"}\n  (Session info: chrome=116.0.5845.188); For documentation on this error, please visit: https://www.selenium.dev/documentation/webdriver/troubleshooting/errors#no-such-element-exception\nStacktrace:\n\tGetHandleVerifier [0x00007FF73DF752A2+57122]\n\t(No symbol) [0x00007FF73DEEEA92]\n\t(No symbol) [0x00007FF73DDBE3AB]\n\t(No symbol) [0x00007FF73DDF7D3E]\n\t(No symbol) [0x00007FF73DDF7E2C]\n\t(No symbol) [0x00007FF73DE30B67]\n\t(No symbol) [0x00007FF73DE1701F]\n\t(No symbol) [0x00007FF73DE2EB82]\n\t(No symbol) [0x00007FF73DE16DB3]\n\t(No symbol) [0x00007FF73DDED2B1]\n\t(No symbol) [0x00007FF73DDEE494]\n\tGetHandleVerifier [0x00007FF73E21EF82+2849794]\n\tGetHandleVerifier [0x00007FF73E271D24+3189156]\n\tGetHandleVerifier [0x00007FF73E26ACAF+3160367]\n\tGetHandleVerifier [0x00007FF73E006D06+653702]\n\t(No symbol) [0x00007FF73DEFA208]\n\t(No symbol) [0x00007FF73DEF62C4]\n\t(No symbol) [0x00007FF73DEF63F6]\n\t(No symbol) [0x00007FF73DEE67A3]\n\tBaseThreadInitThunk [0x00007FFEE1EE257D+29]\n\tRtlUserThreadStart [0x00007FFEE252AA68+40]\n\n", "trace": "  File \"C:\\Users\\abzalhussain\\PycharmProjects\\Propflo2\\venv\\Lib\\site-packages\\behave\\model.py\", line 1329, in run\n    match.run(runner.context)\n  File \"C:\\Users\\abzalhussain\\PycharmProjects\\Propflo2\\venv\\Lib\\site-packages\\behave\\matchers.py\", line 98, in run\n    self.func(context, *args, **kwargs)\n  File \"features\\steps\\ApplyingFilter_InOpportunity.py\", line 48, in step_impl\n    context.AFCT.select_filter_type(source, type)\n  File \"C:\\Users\\abzalhussain\\PycharmProjects\\Propflo2\\pages\\ApplyingFilter_createTabPage.py\", line 77, in select_filter_type\n    self.driver.find_element(By.XPATH, source_type).click()\n    ^^^^^^^^^^^^^^^^^^^^^^^^^^^^^^^^^^^^^^^^^^^^^^^\n  File \"C:\\Users\\abzalhussain\\AppData\\Local\\Programs\\Python\\Python311\\Lib\\site-packages\\selenium\\webdriver\\remote\\webdriver.py\", line 739, in find_element\n    return self.execute(Command.FIND_ELEMENT, {\"using\": by, \"value\": value})[\"value\"]\n           ^^^^^^^^^^^^^^^^^^^^^^^^^^^^^^^^^^^^^^^^^^^^^^^^^^^^^^^^^^^^^^^^^\n  File \"C:\\Users\\abzalhussain\\AppData\\Local\\Programs\\Python\\Python311\\Lib\\site-packages\\selenium\\webdriver\\remote\\webdriver.py\", line 345, in execute\n    self.error_handler.check_response(response)\n  File \"C:\\Users\\abzalhussain\\AppData\\Local\\Programs\\Python\\Python311\\Lib\\site-packages\\selenium\\webdriver\\remote\\errorhandler.py\", line 229, in check_response\n    raise exception_class(message, screen, stacktrace)\n"}, "attachments": [{"name": "failed_screenshot", "source": "9d0c8f5f-2c1a-4edd-94a8-a16753056274-attachment.png", "type": "image/png"}], "start": 1695647435832, "stop": 1695647446178}, {"name": "And click _create button", "status": "skipped", "start": 1695647446185, "stop": 1695647446185}, {"name": "And validate tab is created or _nott", "status": "skipped", "start": 1695647446185, "stop": 1695647446185}, {"name": "And click on kanban view and check it is selected in created filter or not \"Assigne\"", "status": "skipped", "start": 1695647446185, "stop": 1695647446185}, {"name": "And back to list view", "status": "skipped", "start": 1695647446185, "stop": 1695647446185}, {"name": "When click on new filter tab and _deltee", "status": "skipped", "start": 1695647446185, "stop": 1695647446185}, {"name": "And now check tab is deleted or _nott", "status": "skipped", "start": 1695647446185, "stop": 1695647446185}, {"name": "Then check in opportunity page that it automatically in openfilter", "status": "skipped", "start": 1695647446185, "stop": 1695647446185}], "parameters": [{"name": "source", "value": "Assign"}, {"name": "type", "value": "Sarath"}, {"name": "name", "value": "Assigne"}], "start": 1695647430729, "stop": 1695647446185, "uuid": "f8fc47f6-1d15-463a-a0bc-a04cf9f3f2ef", "historyId": "afbd34b9796711928d42429c7cbbd315", "fullName": "Applying filter and create tab and check in kanban view: create filter Tab in opportunity page", "labels": [{"name": "severity", "value": "normal"}, {"name": "tag", "value": "coll"}, {"name": "feature", "value": "Applying filter and create tab and check in kanban view"}, {"name": "framework", "value": "behave"}, {"name": "language", "value": "cpython3"}]}