{"name": "Add site visit of feature in opportunity profile", "status": "broken", "statusDetails": {"message": "selenium.common.exceptions.ElementClickInterceptedException: Message: element click intercepted: Element <a _ngcontent-jtm-c108=\"\" id=\"Sitevisit\" class=\"relative cursor-pointer hover:text-gray-700 hover:border-gray-300 whitespace-nowrap py-4 pl-2 font-medium text-sm text-gray-600 border-none\" ng-reflect-ng-class=\"text-gray-600 border-none\">...</a> is not clickable at point (1111, 90). Other element would receive the click: <div _ngcontent-jtm-c149=\"\" class=\"fixed inset-0 z-10 bg-gray-500 bg-opacity-75 transition-opacity modal ng-tns-c149-43\"></div>\n  (Session info: chrome=116.0.5845.188)\nStacktrace:\n\tGetHandleVerifier [0x00007FF73DF752A2+57122]\n\t(No symbol) [0x00007FF73DEEEA92]\n\t(No symbol) [0x00007FF73DDBE3AB]\n\t(No symbol) [0x00007FF73DDFD783]\n\t(No symbol) [0x00007FF73DDFBD5F]\n\t(No symbol) [0x00007FF73DDF9DC8]\n\t(No symbol) [0x00007FF73DDF8FD5]\n\t(No symbol) [0x00007FF73DDEF25F]\n\t(No symbol) [0x00007FF73DE16FDA]\n\t(No symbol) [0x00007FF73DDEEB76]\n\t(No symbol) [0x00007FF73DE171F0]\n\t(No symbol) [0x00007FF73DE2EB82]\n\t(No symbol) [0x00007FF73DE16DB3]\n\t(No symbol) [0x00007FF73DDED2B1]\n\t(No symbol) [0x00007FF73DDEE494]\n\tGetHandleVerifier [0x00007FF73E21EF82+2849794]\n\tGetHandleVerifier [0x00007FF73E271D24+3189156]\n\tGetHandleVerifier [0x00007FF73E26ACAF+3160367]\n\tGetHandleVerifier [0x00007FF73E006D06+653702]\n\t(No symbol) [0x00007FF73DEFA208]\n\t(No symbol) [0x00007FF73DEF62C4]\n\t(No symbol) [0x00007FF73DEF63F6]\n\t(No symbol) [0x00007FF73DEE67A3]\n\tBaseThreadInitThunk [0x00007FFEE1EE257D+29]\n\tRtlUserThreadStart [0x00007FFEE252AA68+40]\n\n", "trace": "  File \"C:\\Users\\abzalhussain\\PycharmProjects\\Propflo2\\venv\\Lib\\site-packages\\behave\\model.py\", line 1329, in run\n    match.run(runner.context)\n  File \"C:\\Users\\abzalhussain\\PycharmProjects\\Propflo2\\venv\\Lib\\site-packages\\behave\\matchers.py\", line 98, in run\n    self.func(context, *args, **kwargs)\n  File \"features\\steps\\OpportunitySiteVisitAdd.py\", line 14, in step_impl\n    context.ASVP.clickOnSiteVisits_bar()\n  File \"C:\\Users\\abzalhussain\\PycharmProjects\\Propflo2\\pages\\AddSiteVisitPage.py\", line 15, in clickOnSiteVisits_bar\n    self.driver.find_element(By.XPATH, self.siteVisits_XPATH).click()\n  File \"C:\\Users\\abzalhussain\\AppData\\Local\\Programs\\Python\\Python311\\Lib\\site-packages\\selenium\\webdriver\\remote\\webelement.py\", line 94, in click\n    self._execute(Command.CLICK_ELEMENT)\n  File \"C:\\Users\\abzalhussain\\AppData\\Local\\Programs\\Python\\Python311\\Lib\\site-packages\\selenium\\webdriver\\remote\\webelement.py\", line 395, in _execute\n    return self._parent.execute(command, params)\n           ^^^^^^^^^^^^^^^^^^^^^^^^^^^^^^^^^^^^^\n  File \"C:\\Users\\abzalhussain\\AppData\\Local\\Programs\\Python\\Python311\\Lib\\site-packages\\selenium\\webdriver\\remote\\webdriver.py\", line 345, in execute\n    self.error_handler.check_response(response)\n  File \"C:\\Users\\abzalhussain\\AppData\\Local\\Programs\\Python\\Python311\\Lib\\site-packages\\selenium\\webdriver\\remote\\errorhandler.py\", line 229, in check_response\n    raise exception_class(message, screen, stacktrace)\n"}, "steps": [{"name": "When click on site _Visits", "status": "broken", "statusDetails": {"message": "selenium.common.exceptions.ElementClickInterceptedException: Message: element click intercepted: Element <a _ngcontent-jtm-c108=\"\" id=\"Sitevisit\" class=\"relative cursor-pointer hover:text-gray-700 hover:border-gray-300 whitespace-nowrap py-4 pl-2 font-medium text-sm text-gray-600 border-none\" ng-reflect-ng-class=\"text-gray-600 border-none\">...</a> is not clickable at point (1111, 90). Other element would receive the click: <div _ngcontent-jtm-c149=\"\" class=\"fixed inset-0 z-10 bg-gray-500 bg-opacity-75 transition-opacity modal ng-tns-c149-43\"></div>\n  (Session info: chrome=116.0.5845.188)\nStacktrace:\n\tGetHandleVerifier [0x00007FF73DF752A2+57122]\n\t(No symbol) [0x00007FF73DEEEA92]\n\t(No symbol) [0x00007FF73DDBE3AB]\n\t(No symbol) [0x00007FF73DDFD783]\n\t(No symbol) [0x00007FF73DDFBD5F]\n\t(No symbol) [0x00007FF73DDF9DC8]\n\t(No symbol) [0x00007FF73DDF8FD5]\n\t(No symbol) [0x00007FF73DDEF25F]\n\t(No symbol) [0x00007FF73DE16FDA]\n\t(No symbol) [0x00007FF73DDEEB76]\n\t(No symbol) [0x00007FF73DE171F0]\n\t(No symbol) [0x00007FF73DE2EB82]\n\t(No symbol) [0x00007FF73DE16DB3]\n\t(No symbol) [0x00007FF73DDED2B1]\n\t(No symbol) [0x00007FF73DDEE494]\n\tGetHandleVerifier [0x00007FF73E21EF82+2849794]\n\tGetHandleVerifier [0x00007FF73E271D24+3189156]\n\tGetHandleVerifier [0x00007FF73E26ACAF+3160367]\n\tGetHandleVerifier [0x00007FF73E006D06+653702]\n\t(No symbol) [0x00007FF73DEFA208]\n\t(No symbol) [0x00007FF73DEF62C4]\n\t(No symbol) [0x00007FF73DEF63F6]\n\t(No symbol) [0x00007FF73DEE67A3]\n\tBaseThreadInitThunk [0x00007FFEE1EE257D+29]\n\tRtlUserThreadStart [0x00007FFEE252AA68+40]\n\n", "trace": "  File \"C:\\Users\\abzalhussain\\PycharmProjects\\Propflo2\\venv\\Lib\\site-packages\\behave\\model.py\", line 1329, in run\n    match.run(runner.context)\n  File \"C:\\Users\\abzalhussain\\PycharmProjects\\Propflo2\\venv\\Lib\\site-packages\\behave\\matchers.py\", line 98, in run\n    self.func(context, *args, **kwargs)\n  File \"features\\steps\\OpportunitySiteVisitAdd.py\", line 14, in step_impl\n    context.ASVP.clickOnSiteVisits_bar()\n  File \"C:\\Users\\abzalhussain\\PycharmProjects\\Propflo2\\pages\\AddSiteVisitPage.py\", line 15, in clickOnSiteVisits_bar\n    self.driver.find_element(By.XPATH, self.siteVisits_XPATH).click()\n  File \"C:\\Users\\abzalhussain\\AppData\\Local\\Programs\\Python\\Python311\\Lib\\site-packages\\selenium\\webdriver\\remote\\webelement.py\", line 94, in click\n    self._execute(Command.CLICK_ELEMENT)\n  File \"C:\\Users\\abzalhussain\\AppData\\Local\\Programs\\Python\\Python311\\Lib\\site-packages\\selenium\\webdriver\\remote\\webelement.py\", line 395, in _execute\n    return self._parent.execute(command, params)\n           ^^^^^^^^^^^^^^^^^^^^^^^^^^^^^^^^^^^^^\n  File \"C:\\Users\\abzalhussain\\AppData\\Local\\Programs\\Python\\Python311\\Lib\\site-packages\\selenium\\webdriver\\remote\\webdriver.py\", line 345, in execute\n    self.error_handler.check_response(response)\n  File \"C:\\Users\\abzalhussain\\AppData\\Local\\Programs\\Python\\Python311\\Lib\\site-packages\\selenium\\webdriver\\remote\\errorhandler.py\", line 229, in check_response\n    raise exception_class(message, screen, stacktrace)\n"}, "attachments": [{"name": "failed_screenshot", "source": "43d77c35-a8b3-4dc1-9be7-0914e8960d54-attachment.png", "type": "image/png"}], "start": 1695647191074, "stop": 1695647192290}, {"name": "And click on Add site visit _option", "status": "skipped", "start": 1695647192290, "stop": 1695647192290}, {"name": "And fill site visit _details", "status": "skipped", "attachments": [{"name": ".table", "source": "3d176c24-4fbf-414b-9ea1-b7d040ea37a9-attachment.csv", "type": "text/csv"}], "start": 1695647192290, "stop": 1695647192290}, {"name": "And click save _button", "status": "skipped", "start": 1695647192290, "stop": 1695647192290}, {"name": "Then check site visit is added or _not", "status": "skipped", "start": 1695647192290, "stop": 1695647192290}], "start": 1695647191073, "stop": 1695647192290, "uuid": "e909c06d-7907-4b75-9ca4-e0e8441952db", "historyId": "95d42c091ba06e27d83d63fd657c44c9", "fullName": "Adding site visit on opportunity profile: Add site visit of feature in opportunity profile", "labels": [{"name": "severity", "value": "normal"}, {"name": "feature", "value": "Adding site visit on opportunity profile"}, {"name": "framework", "value": "behave"}, {"name": "language", "value": "cpython3"}]}