{"name": "edit task like clone and adding comment", "status": "broken", "statusDetails": {"message": "selenium.common.exceptions.ElementClickInterceptedException: Message: element click intercepted: Element <a _ngcontent-jtm-c108=\"\" id=\"task\" class=\"relative cursor-pointer hover:text-gray-700 hover:border-gray-300 whitespace-nowrap py-4 pl-2 font-medium text-sm text-gray-600 border-none\" ng-reflect-ng-class=\"text-gray-600 border-none\">...</a> is not clickable at point (1236, 90). Other element would receive the click: <label _ngcontent-jtm-c149=\"\" for=\"name\" class=\"block mb-1 text-sm font-medium text-gray-900 after:content-['*'] after:text-red-500 ng-tns-c149-43\">...</label>\n  (Session info: chrome=116.0.5845.188)\nStacktrace:\n\tGetHandleVerifier [0x00007FF73DF752A2+57122]\n\t(No symbol) [0x00007FF73DEEEA92]\n\t(No symbol) [0x00007FF73DDBE3AB]\n\t(No symbol) [0x00007FF73DDFD783]\n\t(No symbol) [0x00007FF73DDFBD5F]\n\t(No symbol) [0x00007FF73DDF9DC8]\n\t(No symbol) [0x00007FF73DDF8FD5]\n\t(No symbol) [0x00007FF73DDEF25F]\n\t(No symbol) [0x00007FF73DE16FDA]\n\t(No symbol) [0x00007FF73DDEEB76]\n\t(No symbol) [0x00007FF73DE171F0]\n\t(No symbol) [0x00007FF73DE2EB82]\n\t(No symbol) [0x00007FF73DE16DB3]\n\t(No symbol) [0x00007FF73DDED2B1]\n\t(No symbol) [0x00007FF73DDEE494]\n\tGetHandleVerifier [0x00007FF73E21EF82+2849794]\n\tGetHandleVerifier [0x00007FF73E271D24+3189156]\n\tGetHandleVerifier [0x00007FF73E26ACAF+3160367]\n\tGetHandleVerifier [0x00007FF73E006D06+653702]\n\t(No symbol) [0x00007FF73DEFA208]\n\t(No symbol) [0x00007FF73DEF62C4]\n\t(No symbol) [0x00007FF73DEF63F6]\n\t(No symbol) [0x00007FF73DEE67A3]\n\tBaseThreadInitThunk [0x00007FFEE1EE257D+29]\n\tRtlUserThreadStart [0x00007FFEE252AA68+40]\n\n", "trace": "  File \"C:\\Users\\abzalhussain\\PycharmProjects\\Propflo2\\venv\\Lib\\site-packages\\behave\\model.py\", line 1329, in run\n    match.run(runner.context)\n  File \"C:\\Users\\abzalhussain\\PycharmProjects\\Propflo2\\venv\\Lib\\site-packages\\behave\\matchers.py\", line 98, in run\n    self.func(context, *args, **kwargs)\n  File \"features\\steps\\OpportunityTaskCreation.py\", line 17, in step_impl\n    context.TP=context.LP.clickOnTasksPage()\n               ^^^^^^^^^^^^^^^^^^^^^^^^^^^^^\n  File \"C:\\Users\\abzalhussain\\PycharmProjects\\Propflo2\\pages\\LeadsPage.py\", line 320, in clickOnTasksPage\n    self.driver.find_element(By.XPATH, self.Tasks_XPATH).click()\n  File \"C:\\Users\\abzalhussain\\AppData\\Local\\Programs\\Python\\Python311\\Lib\\site-packages\\selenium\\webdriver\\remote\\webelement.py\", line 94, in click\n    self._execute(Command.CLICK_ELEMENT)\n  File \"C:\\Users\\abzalhussain\\AppData\\Local\\Programs\\Python\\Python311\\Lib\\site-packages\\selenium\\webdriver\\remote\\webelement.py\", line 395, in _execute\n    return self._parent.execute(command, params)\n           ^^^^^^^^^^^^^^^^^^^^^^^^^^^^^^^^^^^^^\n  File \"C:\\Users\\abzalhussain\\AppData\\Local\\Programs\\Python\\Python311\\Lib\\site-packages\\selenium\\webdriver\\remote\\webdriver.py\", line 345, in execute\n    self.error_handler.check_response(response)\n  File \"C:\\Users\\abzalhussain\\AppData\\Local\\Programs\\Python\\Python311\\Lib\\site-packages\\selenium\\webdriver\\remote\\errorhandler.py\", line 229, in check_response\n    raise exception_class(message, screen, stacktrace)\n"}, "steps": [{"name": "When click on tasks _bar", "status": "broken", "statusDetails": {"message": "selenium.common.exceptions.ElementClickInterceptedException: Message: element click intercepted: Element <a _ngcontent-jtm-c108=\"\" id=\"task\" class=\"relative cursor-pointer hover:text-gray-700 hover:border-gray-300 whitespace-nowrap py-4 pl-2 font-medium text-sm text-gray-600 border-none\" ng-reflect-ng-class=\"text-gray-600 border-none\">...</a> is not clickable at point (1236, 90). Other element would receive the click: <label _ngcontent-jtm-c149=\"\" for=\"name\" class=\"block mb-1 text-sm font-medium text-gray-900 after:content-['*'] after:text-red-500 ng-tns-c149-43\">...</label>\n  (Session info: chrome=116.0.5845.188)\nStacktrace:\n\tGetHandleVerifier [0x00007FF73DF752A2+57122]\n\t(No symbol) [0x00007FF73DEEEA92]\n\t(No symbol) [0x00007FF73DDBE3AB]\n\t(No symbol) [0x00007FF73DDFD783]\n\t(No symbol) [0x00007FF73DDFBD5F]\n\t(No symbol) [0x00007FF73DDF9DC8]\n\t(No symbol) [0x00007FF73DDF8FD5]\n\t(No symbol) [0x00007FF73DDEF25F]\n\t(No symbol) [0x00007FF73DE16FDA]\n\t(No symbol) [0x00007FF73DDEEB76]\n\t(No symbol) [0x00007FF73DE171F0]\n\t(No symbol) [0x00007FF73DE2EB82]\n\t(No symbol) [0x00007FF73DE16DB3]\n\t(No symbol) [0x00007FF73DDED2B1]\n\t(No symbol) [0x00007FF73DDEE494]\n\tGetHandleVerifier [0x00007FF73E21EF82+2849794]\n\tGetHandleVerifier [0x00007FF73E271D24+3189156]\n\tGetHandleVerifier [0x00007FF73E26ACAF+3160367]\n\tGetHandleVerifier [0x00007FF73E006D06+653702]\n\t(No symbol) [0x00007FF73DEFA208]\n\t(No symbol) [0x00007FF73DEF62C4]\n\t(No symbol) [0x00007FF73DEF63F6]\n\t(No symbol) [0x00007FF73DEE67A3]\n\tBaseThreadInitThunk [0x00007FFEE1EE257D+29]\n\tRtlUserThreadStart [0x00007FFEE252AA68+40]\n\n", "trace": "  File \"C:\\Users\\abzalhussain\\PycharmProjects\\Propflo2\\venv\\Lib\\site-packages\\behave\\model.py\", line 1329, in run\n    match.run(runner.context)\n  File \"C:\\Users\\abzalhussain\\PycharmProjects\\Propflo2\\venv\\Lib\\site-packages\\behave\\matchers.py\", line 98, in run\n    self.func(context, *args, **kwargs)\n  File \"features\\steps\\OpportunityTaskCreation.py\", line 17, in step_impl\n    context.TP=context.LP.clickOnTasksPage()\n               ^^^^^^^^^^^^^^^^^^^^^^^^^^^^^\n  File \"C:\\Users\\abzalhussain\\PycharmProjects\\Propflo2\\pages\\LeadsPage.py\", line 320, in clickOnTasksPage\n    self.driver.find_element(By.XPATH, self.Tasks_XPATH).click()\n  File \"C:\\Users\\abzalhussain\\AppData\\Local\\Programs\\Python\\Python311\\Lib\\site-packages\\selenium\\webdriver\\remote\\webelement.py\", line 94, in click\n    self._execute(Command.CLICK_ELEMENT)\n  File \"C:\\Users\\abzalhussain\\AppData\\Local\\Programs\\Python\\Python311\\Lib\\site-packages\\selenium\\webdriver\\remote\\webelement.py\", line 395, in _execute\n    return self._parent.execute(command, params)\n           ^^^^^^^^^^^^^^^^^^^^^^^^^^^^^^^^^^^^^\n  File \"C:\\Users\\abzalhussain\\AppData\\Local\\Programs\\Python\\Python311\\Lib\\site-packages\\selenium\\webdriver\\remote\\webdriver.py\", line 345, in execute\n    self.error_handler.check_response(response)\n  File \"C:\\Users\\abzalhussain\\AppData\\Local\\Programs\\Python\\Python311\\Lib\\site-packages\\selenium\\webdriver\\remote\\errorhandler.py\", line 229, in check_response\n    raise exception_class(message, screen, stacktrace)\n"}, "attachments": [{"name": "failed_screenshot", "source": "fc071621-2154-47b0-8e38-4e4f8675fcb4-attachment.png", "type": "image/png"}], "start": 1695647189852, "stop": 1695647191056}, {"name": "And click clone task and change priority and save", "status": "skipped", "start": 1695647191056, "stop": 1695647191056}, {"name": "And check task is cloned or not validate in activity area", "status": "skipped", "start": 1695647191056, "stop": 1695647191056}, {"name": "And click on view details on task and add comment", "status": "skipped", "start": 1695647191056, "stop": 1695647191056}, {"name": "Then check in activity area", "status": "skipped", "start": 1695647191056, "stop": 1695647191056}], "start": 1695647189845, "stop": 1695647191056, "uuid": "a2eb0fda-c807-49d8-8fcc-63a589be7f59", "historyId": "98f8684ff231943fb3ce5cbfb69bfa43", "fullName": "creating task for opportunity person: edit task like clone and adding comment", "labels": [{"name": "severity", "value": "normal"}, {"name": "feature", "value": "creating task for opportunity person"}, {"name": "framework", "value": "behave"}, {"name": "language", "value": "cpython3"}]}