{"name": "creating notes in opportunity profile", "status": "broken", "statusDetails": {"message": "selenium.common.exceptions.ElementClickInterceptedException: Message: element click intercepted: Element <a _ngcontent-jtm-c108=\"\" id=\"notes\" class=\"relative cursor-pointer hover:text-gray-700 hover:border-gray-300 whitespace-nowrap py-4 pl-2 font-medium text-sm text-gray-600 border-none\" ng-reflect-ng-class=\"text-gray-600 border-none\">...</a> is not clickable at point (1139, 90). Other element would receive the click: <div _ngcontent-jtm-c178=\"\" class=\"bg-gray-500 bg-opacity-75 transition-opacity fixed z-50 w-full h-full ng-star-inserted\">...</div>\n  (Session info: chrome=116.0.5845.188)\nStacktrace:\n\tGetHandleVerifier [0x00007FF73DF752A2+57122]\n\t(No symbol) [0x00007FF73DEEEA92]\n\t(No symbol) [0x00007FF73DDBE3AB]\n\t(No symbol) [0x00007FF73DDFD783]\n\t(No symbol) [0x00007FF73DDFBD5F]\n\t(No symbol) [0x00007FF73DDF9DC8]\n\t(No symbol) [0x00007FF73DDF8FD5]\n\t(No symbol) [0x00007FF73DDEF25F]\n\t(No symbol) [0x00007FF73DE16FDA]\n\t(No symbol) [0x00007FF73DDEEB76]\n\t(No symbol) [0x00007FF73DE171F0]\n\t(No symbol) [0x00007FF73DE2EB82]\n\t(No symbol) [0x00007FF73DE16DB3]\n\t(No symbol) [0x00007FF73DDED2B1]\n\t(No symbol) [0x00007FF73DDEE494]\n\tGetHandleVerifier [0x00007FF73E21EF82+2849794]\n\tGetHandleVerifier [0x00007FF73E271D24+3189156]\n\tGetHandleVerifier [0x00007FF73E26ACAF+3160367]\n\tGetHandleVerifier [0x00007FF73E006D06+653702]\n\t(No symbol) [0x00007FF73DEFA208]\n\t(No symbol) [0x00007FF73DEF62C4]\n\t(No symbol) [0x00007FF73DEF63F6]\n\t(No symbol) [0x00007FF73DEE67A3]\n\tBaseThreadInitThunk [0x00007FFEE1EE257D+29]\n\tRtlUserThreadStart [0x00007FFEE252AA68+40]\n\n", "trace": "  File \"C:\\Users\\abzalhussain\\PycharmProjects\\Propflo2\\venv\\Lib\\site-packages\\behave\\model.py\", line 1329, in run\n    match.run(runner.context)\n  File \"C:\\Users\\abzalhussain\\PycharmProjects\\Propflo2\\venv\\Lib\\site-packages\\behave\\matchers.py\", line 98, in run\n    self.func(context, *args, **kwargs)\n  File \"features\\steps\\CreatingNotesInOpportunity.py\", line 22, in step_impl\n    context.NP.enter_note_in_box(i[\"notesDescription\"])\n  File \"C:\\Users\\abzalhussain\\PycharmProjects\\Propflo2\\pages\\NotesPage.py\", line 49, in enter_note_in_box\n    self.click_onNotes()\n  File \"C:\\Users\\abzalhussain\\PycharmProjects\\Propflo2\\pages\\NotesPage.py\", line 21, in click_onNotes\n    self.driver.find_element(By.XPATH,self.NotesTaskBar_XPATH).click()\n  File \"C:\\Users\\abzalhussain\\AppData\\Local\\Programs\\Python\\Python311\\Lib\\site-packages\\selenium\\webdriver\\remote\\webelement.py\", line 94, in click\n    self._execute(Command.CLICK_ELEMENT)\n  File \"C:\\Users\\abzalhussain\\AppData\\Local\\Programs\\Python\\Python311\\Lib\\site-packages\\selenium\\webdriver\\remote\\webelement.py\", line 395, in _execute\n    return self._parent.execute(command, params)\n           ^^^^^^^^^^^^^^^^^^^^^^^^^^^^^^^^^^^^^\n  File \"C:\\Users\\abzalhussain\\AppData\\Local\\Programs\\Python\\Python311\\Lib\\site-packages\\selenium\\webdriver\\remote\\webdriver.py\", line 345, in execute\n    self.error_handler.check_response(response)\n  File \"C:\\Users\\abzalhussain\\AppData\\Local\\Programs\\Python\\Python311\\Lib\\site-packages\\selenium\\webdriver\\remote\\errorhandler.py\", line 229, in check_response\n    raise exception_class(message, screen, stacktrace)\n"}, "steps": [{"name": "When clickon Notes _taskbar", "status": "passed", "start": 1695647202481, "stop": 1695647207190}, {"name": "And click on create _notes", "status": "passed", "start": 1695647207190, "stop": 1695647209253}, {"name": "And write description in notes and _save", "status": "broken", "statusDetails": {"message": "selenium.common.exceptions.ElementClickInterceptedException: Message: element click intercepted: Element <a _ngcontent-jtm-c108=\"\" id=\"notes\" class=\"relative cursor-pointer hover:text-gray-700 hover:border-gray-300 whitespace-nowrap py-4 pl-2 font-medium text-sm text-gray-600 border-none\" ng-reflect-ng-class=\"text-gray-600 border-none\">...</a> is not clickable at point (1139, 90). Other element would receive the click: <div _ngcontent-jtm-c178=\"\" class=\"bg-gray-500 bg-opacity-75 transition-opacity fixed z-50 w-full h-full ng-star-inserted\">...</div>\n  (Session info: chrome=116.0.5845.188)\nStacktrace:\n\tGetHandleVerifier [0x00007FF73DF752A2+57122]\n\t(No symbol) [0x00007FF73DEEEA92]\n\t(No symbol) [0x00007FF73DDBE3AB]\n\t(No symbol) [0x00007FF73DDFD783]\n\t(No symbol) [0x00007FF73DDFBD5F]\n\t(No symbol) [0x00007FF73DDF9DC8]\n\t(No symbol) [0x00007FF73DDF8FD5]\n\t(No symbol) [0x00007FF73DDEF25F]\n\t(No symbol) [0x00007FF73DE16FDA]\n\t(No symbol) [0x00007FF73DDEEB76]\n\t(No symbol) [0x00007FF73DE171F0]\n\t(No symbol) [0x00007FF73DE2EB82]\n\t(No symbol) [0x00007FF73DE16DB3]\n\t(No symbol) [0x00007FF73DDED2B1]\n\t(No symbol) [0x00007FF73DDEE494]\n\tGetHandleVerifier [0x00007FF73E21EF82+2849794]\n\tGetHandleVerifier [0x00007FF73E271D24+3189156]\n\tGetHandleVerifier [0x00007FF73E26ACAF+3160367]\n\tGetHandleVerifier [0x00007FF73E006D06+653702]\n\t(No symbol) [0x00007FF73DEFA208]\n\t(No symbol) [0x00007FF73DEF62C4]\n\t(No symbol) [0x00007FF73DEF63F6]\n\t(No symbol) [0x00007FF73DEE67A3]\n\tBaseThreadInitThunk [0x00007FFEE1EE257D+29]\n\tRtlUserThreadStart [0x00007FFEE252AA68+40]\n\n", "trace": "  File \"C:\\Users\\abzalhussain\\PycharmProjects\\Propflo2\\venv\\Lib\\site-packages\\behave\\model.py\", line 1329, in run\n    match.run(runner.context)\n  File \"C:\\Users\\abzalhussain\\PycharmProjects\\Propflo2\\venv\\Lib\\site-packages\\behave\\matchers.py\", line 98, in run\n    self.func(context, *args, **kwargs)\n  File \"features\\steps\\CreatingNotesInOpportunity.py\", line 22, in step_impl\n    context.NP.enter_note_in_box(i[\"notesDescription\"])\n  File \"C:\\Users\\abzalhussain\\PycharmProjects\\Propflo2\\pages\\NotesPage.py\", line 49, in enter_note_in_box\n    self.click_onNotes()\n  File \"C:\\Users\\abzalhussain\\PycharmProjects\\Propflo2\\pages\\NotesPage.py\", line 21, in click_onNotes\n    self.driver.find_element(By.XPATH,self.NotesTaskBar_XPATH).click()\n  File \"C:\\Users\\abzalhussain\\AppData\\Local\\Programs\\Python\\Python311\\Lib\\site-packages\\selenium\\webdriver\\remote\\webelement.py\", line 94, in click\n    self._execute(Command.CLICK_ELEMENT)\n  File \"C:\\Users\\abzalhussain\\AppData\\Local\\Programs\\Python\\Python311\\Lib\\site-packages\\selenium\\webdriver\\remote\\webelement.py\", line 395, in _execute\n    return self._parent.execute(command, params)\n           ^^^^^^^^^^^^^^^^^^^^^^^^^^^^^^^^^^^^^\n  File \"C:\\Users\\abzalhussain\\AppData\\Local\\Programs\\Python\\Python311\\Lib\\site-packages\\selenium\\webdriver\\remote\\webdriver.py\", line 345, in execute\n    self.error_handler.check_response(response)\n  File \"C:\\Users\\abzalhussain\\AppData\\Local\\Programs\\Python\\Python311\\Lib\\site-packages\\selenium\\webdriver\\remote\\errorhandler.py\", line 229, in check_response\n    raise exception_class(message, screen, stacktrace)\n"}, "attachments": [{"name": ".table", "source": "1118a075-2925-4429-a057-3c87b04226e9-attachment.csv", "type": "text/csv"}, {"name": "failed_screenshot", "source": "17b06b8f-f0e7-488b-813e-4db4ac2df524-attachment.png", "type": "image/png"}], "start": 1695647209253, "stop": 1695647223000}, {"name": "Then check the note is created or _not", "status": "skipped", "start": 1695647223002, "stop": 1695647223002}], "start": 1695647202481, "stop": 1695647223002, "uuid": "6f1fe602-fbf8-46f0-a7e6-6387b88f36a2", "historyId": "8a11189022d66e7c838dc0e5b121931c", "fullName": "creating notes in opportunity profile: creating notes in opportunity profile", "labels": [{"name": "severity", "value": "normal"}, {"name": "feature", "value": "creating notes in opportunity profile"}, {"name": "framework", "value": "behave"}, {"name": "language", "value": "cpython3"}]}