{"name": "converting lead to opportunity with changing prefilled details and filling all details", "status": "broken", "statusDetails": {"message": "selenium.common.exceptions.NoSuchElementException: Message: no such element: Unable to locate element: {\"method\":\"xpath\",\"selector\":\"//label[normalize-space()='Price Nego']\"}\n  (Session info: chrome=116.0.5845.188); For documentation on this error, please visit: https://www.selenium.dev/documentation/webdriver/troubleshooting/errors#no-such-element-exception\nStacktrace:\n\tGetHandleVerifier [0x00007FF73DF752A2+57122]\n\t(No symbol) [0x00007FF73DEEEA92]\n\t(No symbol) [0x00007FF73DDBE3AB]\n\t(No symbol) [0x00007FF73DDF7D3E]\n\t(No symbol) [0x00007FF73DDF7E2C]\n\t(No symbol) [0x00007FF73DE30B67]\n\t(No symbol) [0x00007FF73DE1701F]\n\t(No symbol) [0x00007FF73DE2EB82]\n\t(No symbol) [0x00007FF73DE16DB3]\n\t(No symbol) [0x00007FF73DDED2B1]\n\t(No symbol) [0x00007FF73DDEE494]\n\tGetHandleVerifier [0x00007FF73E21EF82+2849794]\n\tGetHandleVerifier [0x00007FF73E271D24+3189156]\n\tGetHandleVerifier [0x00007FF73E26ACAF+3160367]\n\tGetHandleVerifier [0x00007FF73E006D06+653702]\n\t(No symbol) [0x00007FF73DEFA208]\n\t(No symbol) [0x00007FF73DEF62C4]\n\t(No symbol) [0x00007FF73DEF63F6]\n\t(No symbol) [0x00007FF73DEE67A3]\n\tBaseThreadInitThunk [0x00007FFEE1EE257D+29]\n\tRtlUserThreadStart [0x00007FFEE252AA68+40]\n\n", "trace": "  File \"C:\\Users\\abzalhussain\\PycharmProjects\\Propflo2\\venv\\Lib\\site-packages\\behave\\model.py\", line 1329, in run\n    match.run(runner.context)\n  File \"C:\\Users\\abzalhussain\\PycharmProjects\\Propflo2\\venv\\Lib\\site-packages\\behave\\matchers.py\", line 98, in run\n    self.func(context, *args, **kwargs)\n  File \"features\\steps\\ConvertOpportunity.py\", line 59, in step_impl\n    context.COP.fill_all_the_fields()\n  File \"C:\\Users\\abzalhussain\\PycharmProjects\\Propflo2\\pages\\ConvertOpportunityPage.py\", line 120, in fill_all_the_fields\n    self.driver.find_element(By.XPATH, \"//label[normalize-space()='Price Nego']\").click()\n    ^^^^^^^^^^^^^^^^^^^^^^^^^^^^^^^^^^^^^^^^^^^^^^^^^^^^^^^^^^^^^^^^^^^^^^^^^^^^^\n  File \"C:\\Users\\abzalhussain\\AppData\\Local\\Programs\\Python\\Python311\\Lib\\site-packages\\selenium\\webdriver\\remote\\webdriver.py\", line 739, in find_element\n    return self.execute(Command.FIND_ELEMENT, {\"using\": by, \"value\": value})[\"value\"]\n           ^^^^^^^^^^^^^^^^^^^^^^^^^^^^^^^^^^^^^^^^^^^^^^^^^^^^^^^^^^^^^^^^^\n  File \"C:\\Users\\abzalhussain\\AppData\\Local\\Programs\\Python\\Python311\\Lib\\site-packages\\selenium\\webdriver\\remote\\webdriver.py\", line 345, in execute\n    self.error_handler.check_response(response)\n  File \"C:\\Users\\abzalhussain\\AppData\\Local\\Programs\\Python\\Python311\\Lib\\site-packages\\selenium\\webdriver\\remote\\errorhandler.py\", line 229, in check_response\n    raise exception_class(message, screen, stacktrace)\n"}, "steps": [{"name": "When click on leads list", "status": "passed", "start": 1695647156340, "stop": 1695647159411}, {"name": "When click on lead", "status": "passed", "start": 1695647159411, "stop": 1695647162494}, {"name": "And click on converted to opportunity", "status": "passed", "start": 1695647162494, "stop": 1695647162590}, {"name": "And change the prefilled detials", "status": "passed", "start": 1695647162591, "stop": 1695647164706}, {"name": "And enter budget", "status": "passed", "start": 1695647164707, "stop": 1695647166761}, {"name": "And select configuration type", "status": "passed", "start": 1695647166761, "stop": 1695647170843}, {"name": "And fill all the fields with data", "status": "broken", "statusDetails": {"message": "selenium.common.exceptions.NoSuchElementException: Message: no such element: Unable to locate element: {\"method\":\"xpath\",\"selector\":\"//label[normalize-space()='Price Nego']\"}\n  (Session info: chrome=116.0.5845.188); For documentation on this error, please visit: https://www.selenium.dev/documentation/webdriver/troubleshooting/errors#no-such-element-exception\nStacktrace:\n\tGetHandleVerifier [0x00007FF73DF752A2+57122]\n\t(No symbol) [0x00007FF73DEEEA92]\n\t(No symbol) [0x00007FF73DDBE3AB]\n\t(No symbol) [0x00007FF73DDF7D3E]\n\t(No symbol) [0x00007FF73DDF7E2C]\n\t(No symbol) [0x00007FF73DE30B67]\n\t(No symbol) [0x00007FF73DE1701F]\n\t(No symbol) [0x00007FF73DE2EB82]\n\t(No symbol) [0x00007FF73DE16DB3]\n\t(No symbol) [0x00007FF73DDED2B1]\n\t(No symbol) [0x00007FF73DDEE494]\n\tGetHandleVerifier [0x00007FF73E21EF82+2849794]\n\tGetHandleVerifier [0x00007FF73E271D24+3189156]\n\tGetHandleVerifier [0x00007FF73E26ACAF+3160367]\n\tGetHandleVerifier [0x00007FF73E006D06+653702]\n\t(No symbol) [0x00007FF73DEFA208]\n\t(No symbol) [0x00007FF73DEF62C4]\n\t(No symbol) [0x00007FF73DEF63F6]\n\t(No symbol) [0x00007FF73DEE67A3]\n\tBaseThreadInitThunk [0x00007FFEE1EE257D+29]\n\tRtlUserThreadStart [0x00007FFEE252AA68+40]\n\n", "trace": "  File \"C:\\Users\\abzalhussain\\PycharmProjects\\Propflo2\\venv\\Lib\\site-packages\\behave\\model.py\", line 1329, in run\n    match.run(runner.context)\n  File \"C:\\Users\\abzalhussain\\PycharmProjects\\Propflo2\\venv\\Lib\\site-packages\\behave\\matchers.py\", line 98, in run\n    self.func(context, *args, **kwargs)\n  File \"features\\steps\\ConvertOpportunity.py\", line 59, in step_impl\n    context.COP.fill_all_the_fields()\n  File \"C:\\Users\\abzalhussain\\PycharmProjects\\Propflo2\\pages\\ConvertOpportunityPage.py\", line 120, in fill_all_the_fields\n    self.driver.find_element(By.XPATH, \"//label[normalize-space()='Price Nego']\").click()\n    ^^^^^^^^^^^^^^^^^^^^^^^^^^^^^^^^^^^^^^^^^^^^^^^^^^^^^^^^^^^^^^^^^^^^^^^^^^^^^\n  File \"C:\\Users\\abzalhussain\\AppData\\Local\\Programs\\Python\\Python311\\Lib\\site-packages\\selenium\\webdriver\\remote\\webdriver.py\", line 739, in find_element\n    return self.execute(Command.FIND_ELEMENT, {\"using\": by, \"value\": value})[\"value\"]\n           ^^^^^^^^^^^^^^^^^^^^^^^^^^^^^^^^^^^^^^^^^^^^^^^^^^^^^^^^^^^^^^^^^\n  File \"C:\\Users\\abzalhussain\\AppData\\Local\\Programs\\Python\\Python311\\Lib\\site-packages\\selenium\\webdriver\\remote\\webdriver.py\", line 345, in execute\n    self.error_handler.check_response(response)\n  File \"C:\\Users\\abzalhussain\\AppData\\Local\\Programs\\Python\\Python311\\Lib\\site-packages\\selenium\\webdriver\\remote\\errorhandler.py\", line 229, in check_response\n    raise exception_class(message, screen, stacktrace)\n"}, "attachments": [{"name": "failed_screenshot", "source": "f7d27e14-48f7-4ac0-8db7-a0c5a0504540-attachment.png", "type": "image/png"}], "start": 1695647170843, "stop": 1695647187367}, {"name": "And click on savee button", "status": "skipped", "start": 1695647187367, "stop": 1695647187367}, {"name": "Then validate in opportunities list", "status": "skipped", "start": 1695647187367, "stop": 1695647187367}], "start": 1695647156340, "stop": 1695647187367, "uuid": "6ab38cdc-c0fc-435a-b903-fefcb4015103", "historyId": "a7e08196ed333f8296c52ec177c1bd84", "fullName": "converting lead into opportunity: converting lead to opportunity with changing prefilled details and filling all details", "labels": [{"name": "severity", "value": "normal"}, {"name": "feature", "value": "converting lead into opportunity"}, {"name": "framework", "value": "behave"}, {"name": "language", "value": "cpython3"}]}